This is pdfTeX, Version 3.141592653-2.6-1.40.24 (TeX Live 2022) (preloaded format=pdflatex 2022.9.7)  12 FEB 2024 17:10
entering extended mode
 restricted \write18 enabled.
 %&-line parsing enabled.
**template.tex
(./template.tex
LaTeX2e <2021-11-15> patch level 1
L3 programming layer <2022-02-24>
(/usr/local/texlive/2022/texmf-dist/tex/latex/beamer/beamer.cls
Document Class: beamer 2022/02/08 v3.66 A class for typesetting presentations
(/usr/local/texlive/2022/texmf-dist/tex/latex/beamer/beamerbasemodes.sty
(/usr/local/texlive/2022/texmf-dist/tex/latex/etoolbox/etoolbox.sty
Package: etoolbox 2020/10/05 v2.5k e-TeX tools for LaTeX (JAW)
\etb@tempcnta=\count185
)
\beamer@tempbox=\box50
\beamer@tempcount=\count186
\c@beamerpauses=\count187

(/usr/local/texlive/2022/texmf-dist/tex/latex/beamer/beamerbasedecode.sty
\beamer@slideinframe=\count188
\beamer@minimum=\count189
\beamer@decode@box=\box51
)
\beamer@commentbox=\box52
\beamer@modecount=\count190
)
(/usr/local/texlive/2022/texmf-dist/tex/generic/iftex/iftex.sty
Package: iftex 2022/02/03 v1.0f TeX engine tests
)
\headdp=\dimen138
\footheight=\dimen139
\sidebarheight=\dimen140
\beamer@tempdim=\dimen141
\beamer@finalheight=\dimen142
\beamer@animht=\dimen143
\beamer@animdp=\dimen144
\beamer@animwd=\dimen145
\beamer@leftmargin=\dimen146
\beamer@rightmargin=\dimen147
\beamer@leftsidebar=\dimen148
\beamer@rightsidebar=\dimen149
\beamer@boxsize=\dimen150
\beamer@vboxoffset=\dimen151
\beamer@descdefault=\dimen152
\beamer@descriptionwidth=\dimen153
\beamer@lastskip=\skip47
\beamer@areabox=\box53
\beamer@animcurrent=\box54
\beamer@animshowbox=\box55
\beamer@sectionbox=\box56
\beamer@logobox=\box57
\beamer@linebox=\box58
\beamer@sectioncount=\count191
\beamer@subsubsectionmax=\count192
\beamer@subsectionmax=\count193
\beamer@sectionmax=\count194
\beamer@totalheads=\count195
\beamer@headcounter=\count196
\beamer@partstartpage=\count197
\beamer@sectionstartpage=\count198
\beamer@subsectionstartpage=\count199
\beamer@animationtempa=\count266
\beamer@animationtempb=\count267
\beamer@xpos=\count268
\beamer@ypos=\count269
\beamer@ypos@offset=\count270
\beamer@showpartnumber=\count271
\beamer@currentsubsection=\count272
\beamer@coveringdepth=\count273
\beamer@sectionadjust=\count274
\beamer@toclastsection=\count275
\beamer@tocsectionnumber=\count276

(/usr/local/texlive/2022/texmf-dist/tex/latex/beamer/beamerbaseoptions.sty
(/usr/local/texlive/2022/texmf-dist/tex/latex/graphics/keyval.sty
Package: keyval 2014/10/28 v1.15 key=value parser (DPC)
\KV@toks@=\toks16
))
\beamer@paperwidth=\skip48
\beamer@paperheight=\skip49

(/usr/local/texlive/2022/texmf-dist/tex/latex/geometry/geometry.sty
Package: geometry 2020/01/02 v5.9 Page Geometry

(/usr/local/texlive/2022/texmf-dist/tex/generic/iftex/ifvtex.sty
Package: ifvtex 2019/10/25 v1.7 ifvtex legacy package. Use iftex instead.
)
\Gm@cnth=\count277
\Gm@cntv=\count278
\c@Gm@tempcnt=\count279
\Gm@bindingoffset=\dimen154
\Gm@wd@mp=\dimen155
\Gm@odd@mp=\dimen156
\Gm@even@mp=\dimen157
\Gm@layoutwidth=\dimen158
\Gm@layoutheight=\dimen159
\Gm@layouthoffset=\dimen160
\Gm@layoutvoffset=\dimen161
\Gm@dimlist=\toks17
)
(/usr/local/texlive/2022/texmf-dist/tex/latex/pgf/math/pgfmath.sty
(/usr/local/texlive/2022/texmf-dist/tex/latex/pgf/utilities/pgfrcs.sty
(/usr/local/texlive/2022/texmf-dist/tex/generic/pgf/utilities/pgfutil-common.te
x
\pgfutil@everybye=\toks18
\pgfutil@tempdima=\dimen162
\pgfutil@tempdimb=\dimen163

(/usr/local/texlive/2022/texmf-dist/tex/generic/pgf/utilities/pgfutil-common-li
sts.tex))
(/usr/local/texlive/2022/texmf-dist/tex/generic/pgf/utilities/pgfutil-latex.def
\pgfutil@abb=\box59
) (/usr/local/texlive/2022/texmf-dist/tex/generic/pgf/utilities/pgfrcs.code.tex
(/usr/local/texlive/2022/texmf-dist/tex/generic/pgf/pgf.revision.tex)
Package: pgfrcs 2021/05/15 v3.1.9a (3.1.9a)
))
(/usr/local/texlive/2022/texmf-dist/tex/latex/pgf/utilities/pgfkeys.sty
(/usr/local/texlive/2022/texmf-dist/tex/generic/pgf/utilities/pgfkeys.code.tex
\pgfkeys@pathtoks=\toks19
\pgfkeys@temptoks=\toks20

(/usr/local/texlive/2022/texmf-dist/tex/generic/pgf/utilities/pgfkeysfiltered.c
ode.tex
\pgfkeys@tmptoks=\toks21
)))
(/usr/local/texlive/2022/texmf-dist/tex/generic/pgf/math/pgfmath.code.tex
(/usr/local/texlive/2022/texmf-dist/tex/generic/pgf/math/pgfmathcalc.code.tex
(/usr/local/texlive/2022/texmf-dist/tex/generic/pgf/math/pgfmathutil.code.tex
\pgf@x=\dimen164
\pgf@xa=\dimen165
\pgf@xb=\dimen166
\pgf@xc=\dimen167
\pgf@y=\dimen168
\pgf@ya=\dimen169
\pgf@yb=\dimen170
\pgf@yc=\dimen171
\c@pgf@counta=\count280
\c@pgf@countb=\count281
\c@pgf@countc=\count282
\c@pgf@countd=\count283
)
(/usr/local/texlive/2022/texmf-dist/tex/generic/pgf/math/pgfmathparser.code.tex
\pgfmath@dimen=\dimen172
\pgfmath@count=\count284
\pgfmath@box=\box60
\pgfmath@toks=\toks22
\pgfmath@stack@operand=\toks23
\pgfmath@stack@operation=\toks24
)
(/usr/local/texlive/2022/texmf-dist/tex/generic/pgf/math/pgfmathfunctions.code.
tex
(/usr/local/texlive/2022/texmf-dist/tex/generic/pgf/math/pgfmathfunctions.basic
.code.tex)
(/usr/local/texlive/2022/texmf-dist/tex/generic/pgf/math/pgfmathfunctions.trigo
nometric.code.tex)
(/usr/local/texlive/2022/texmf-dist/tex/generic/pgf/math/pgfmathfunctions.rando
m.code.tex)
(/usr/local/texlive/2022/texmf-dist/tex/generic/pgf/math/pgfmathfunctions.compa
rison.code.tex)
(/usr/local/texlive/2022/texmf-dist/tex/generic/pgf/math/pgfmathfunctions.base.
code.tex)
(/usr/local/texlive/2022/texmf-dist/tex/generic/pgf/math/pgfmathfunctions.round
.code.tex)
(/usr/local/texlive/2022/texmf-dist/tex/generic/pgf/math/pgfmathfunctions.misc.
code.tex)
(/usr/local/texlive/2022/texmf-dist/tex/generic/pgf/math/pgfmathfunctions.integ
erarithmetics.code.tex)))
(/usr/local/texlive/2022/texmf-dist/tex/generic/pgf/math/pgfmathfloat.code.tex
\c@pgfmathroundto@lastzeros=\count285
))) (/usr/local/texlive/2022/texmf-dist/tex/latex/base/size11.clo
File: size11.clo 2021/10/04 v1.4n Standard LaTeX file (size option)
)
(/usr/local/texlive/2022/texmf-dist/tex/latex/pgf/basiclayer/pgfcore.sty
(/usr/local/texlive/2022/texmf-dist/tex/latex/graphics/graphicx.sty
Package: graphicx 2021/09/16 v1.2d Enhanced LaTeX Graphics (DPC,SPQR)

(/usr/local/texlive/2022/texmf-dist/tex/latex/graphics/graphics.sty
Package: graphics 2021/03/04 v1.4d Standard LaTeX Graphics (DPC,SPQR)

(/usr/local/texlive/2022/texmf-dist/tex/latex/graphics/trig.sty
Package: trig 2021/08/11 v1.11 sin cos tan (DPC)
)
(/usr/local/texlive/2022/texmf-dist/tex/latex/graphics-cfg/graphics.cfg
File: graphics.cfg 2016/06/04 v1.11 sample graphics configuration
)
Package graphics Info: Driver file: pdftex.def on input line 107.

(/usr/local/texlive/2022/texmf-dist/tex/latex/graphics-def/pdftex.def
File: pdftex.def 2020/10/05 v1.2a Graphics/color driver for pdftex
))
\Gin@req@height=\dimen173
\Gin@req@width=\dimen174
)
(/usr/local/texlive/2022/texmf-dist/tex/latex/pgf/systemlayer/pgfsys.sty
(/usr/local/texlive/2022/texmf-dist/tex/generic/pgf/systemlayer/pgfsys.code.tex
Package: pgfsys 2021/05/15 v3.1.9a (3.1.9a)
(/usr/local/texlive/2022/texmf-dist/tex/generic/pgf/utilities/pgfkeys.code.tex)
\pgf@x=\dimen175
\pgf@y=\dimen176
\pgf@xa=\dimen177
\pgf@ya=\dimen178
\pgf@xb=\dimen179
\pgf@yb=\dimen180
\pgf@xc=\dimen181
\pgf@yc=\dimen182
\pgf@xd=\dimen183
\pgf@yd=\dimen184
\w@pgf@writea=\write3
\r@pgf@reada=\read2
\c@pgf@counta=\count286
\c@pgf@countb=\count287
\c@pgf@countc=\count288
\c@pgf@countd=\count289
\t@pgf@toka=\toks25
\t@pgf@tokb=\toks26
\t@pgf@tokc=\toks27
\pgf@sys@id@count=\count290
(/usr/local/texlive/2022/texmf-dist/tex/generic/pgf/systemlayer/pgf.cfg
File: pgf.cfg 2021/05/15 v3.1.9a (3.1.9a)
)
Driver file for pgf: pgfsys-pdftex.def

(/usr/local/texlive/2022/texmf-dist/tex/generic/pgf/systemlayer/pgfsys-pdftex.d
ef
File: pgfsys-pdftex.def 2021/05/15 v3.1.9a (3.1.9a)

(/usr/local/texlive/2022/texmf-dist/tex/generic/pgf/systemlayer/pgfsys-common-p
df.def
File: pgfsys-common-pdf.def 2021/05/15 v3.1.9a (3.1.9a)
)))
(/usr/local/texlive/2022/texmf-dist/tex/generic/pgf/systemlayer/pgfsyssoftpath.
code.tex
File: pgfsyssoftpath.code.tex 2021/05/15 v3.1.9a (3.1.9a)
\pgfsyssoftpath@smallbuffer@items=\count291
\pgfsyssoftpath@bigbuffer@items=\count292
)
(/usr/local/texlive/2022/texmf-dist/tex/generic/pgf/systemlayer/pgfsysprotocol.
code.tex
File: pgfsysprotocol.code.tex 2021/05/15 v3.1.9a (3.1.9a)
)) (/usr/local/texlive/2022/texmf-dist/tex/latex/xcolor/xcolor.sty
Package: xcolor 2021/10/31 v2.13 LaTeX color extensions (UK)

(/usr/local/texlive/2022/texmf-dist/tex/latex/graphics-cfg/color.cfg
File: color.cfg 2016/01/02 v1.6 sample color configuration
)
Package xcolor Info: Driver file: pdftex.def on input line 227.
Package xcolor Info: Model `cmy' substituted by `cmy0' on input line 1352.
Package xcolor Info: Model `hsb' substituted by `rgb' on input line 1356.
Package xcolor Info: Model `RGB' extended on input line 1368.
Package xcolor Info: Model `HTML' substituted by `rgb' on input line 1370.
Package xcolor Info: Model `Hsb' substituted by `hsb' on input line 1371.
Package xcolor Info: Model `tHsb' substituted by `hsb' on input line 1372.
Package xcolor Info: Model `HSB' substituted by `hsb' on input line 1373.
Package xcolor Info: Model `Gray' substituted by `gray' on input line 1374.
Package xcolor Info: Model `wave' substituted by `hsb' on input line 1375.
)
(/usr/local/texlive/2022/texmf-dist/tex/generic/pgf/basiclayer/pgfcore.code.tex
Package: pgfcore 2021/05/15 v3.1.9a (3.1.9a)
(/usr/local/texlive/2022/texmf-dist/tex/generic/pgf/math/pgfmath.code.tex)
(/usr/local/texlive/2022/texmf-dist/tex/generic/pgf/math/pgfint.code.tex)
(/usr/local/texlive/2022/texmf-dist/tex/generic/pgf/basiclayer/pgfcorepoints.co
de.tex
File: pgfcorepoints.code.tex 2021/05/15 v3.1.9a (3.1.9a)
\pgf@picminx=\dimen185
\pgf@picmaxx=\dimen186
\pgf@picminy=\dimen187
\pgf@picmaxy=\dimen188
\pgf@pathminx=\dimen189
\pgf@pathmaxx=\dimen190
\pgf@pathminy=\dimen191
\pgf@pathmaxy=\dimen192
\pgf@xx=\dimen193
\pgf@xy=\dimen194
\pgf@yx=\dimen195
\pgf@yy=\dimen196
\pgf@zx=\dimen197
\pgf@zy=\dimen198
)
(/usr/local/texlive/2022/texmf-dist/tex/generic/pgf/basiclayer/pgfcorepathconst
ruct.code.tex
File: pgfcorepathconstruct.code.tex 2021/05/15 v3.1.9a (3.1.9a)
\pgf@path@lastx=\dimen199
\pgf@path@lasty=\dimen256
)
(/usr/local/texlive/2022/texmf-dist/tex/generic/pgf/basiclayer/pgfcorepathusage
.code.tex
File: pgfcorepathusage.code.tex 2021/05/15 v3.1.9a (3.1.9a)
\pgf@shorten@end@additional=\dimen257
\pgf@shorten@start@additional=\dimen258
)
(/usr/local/texlive/2022/texmf-dist/tex/generic/pgf/basiclayer/pgfcorescopes.co
de.tex
File: pgfcorescopes.code.tex 2021/05/15 v3.1.9a (3.1.9a)
\pgfpic=\box61
\pgf@hbox=\box62
\pgf@layerbox@main=\box63
\pgf@picture@serial@count=\count293
)
(/usr/local/texlive/2022/texmf-dist/tex/generic/pgf/basiclayer/pgfcoregraphicst
ate.code.tex
File: pgfcoregraphicstate.code.tex 2021/05/15 v3.1.9a (3.1.9a)
\pgflinewidth=\dimen259
)
(/usr/local/texlive/2022/texmf-dist/tex/generic/pgf/basiclayer/pgfcoretransform
ations.code.tex
File: pgfcoretransformations.code.tex 2021/05/15 v3.1.9a (3.1.9a)
\pgf@pt@x=\dimen260
\pgf@pt@y=\dimen261
\pgf@pt@temp=\dimen262
)
(/usr/local/texlive/2022/texmf-dist/tex/generic/pgf/basiclayer/pgfcorequick.cod
e.tex
File: pgfcorequick.code.tex 2021/05/15 v3.1.9a (3.1.9a)
)
(/usr/local/texlive/2022/texmf-dist/tex/generic/pgf/basiclayer/pgfcoreobjects.c
ode.tex
File: pgfcoreobjects.code.tex 2021/05/15 v3.1.9a (3.1.9a)
)
(/usr/local/texlive/2022/texmf-dist/tex/generic/pgf/basiclayer/pgfcorepathproce
ssing.code.tex
File: pgfcorepathprocessing.code.tex 2021/05/15 v3.1.9a (3.1.9a)
)
(/usr/local/texlive/2022/texmf-dist/tex/generic/pgf/basiclayer/pgfcorearrows.co
de.tex
File: pgfcorearrows.code.tex 2021/05/15 v3.1.9a (3.1.9a)
\pgfarrowsep=\dimen263
)
(/usr/local/texlive/2022/texmf-dist/tex/generic/pgf/basiclayer/pgfcoreshade.cod
e.tex
File: pgfcoreshade.code.tex 2021/05/15 v3.1.9a (3.1.9a)
\pgf@max=\dimen264
\pgf@sys@shading@range@num=\count294
\pgf@shadingcount=\count295
)
(/usr/local/texlive/2022/texmf-dist/tex/generic/pgf/basiclayer/pgfcoreimage.cod
e.tex
File: pgfcoreimage.code.tex 2021/05/15 v3.1.9a (3.1.9a)

(/usr/local/texlive/2022/texmf-dist/tex/generic/pgf/basiclayer/pgfcoreexternal.
code.tex
File: pgfcoreexternal.code.tex 2021/05/15 v3.1.9a (3.1.9a)
\pgfexternal@startupbox=\box64
))
(/usr/local/texlive/2022/texmf-dist/tex/generic/pgf/basiclayer/pgfcorelayers.co
de.tex
File: pgfcorelayers.code.tex 2021/05/15 v3.1.9a (3.1.9a)
)
(/usr/local/texlive/2022/texmf-dist/tex/generic/pgf/basiclayer/pgfcoretranspare
ncy.code.tex
File: pgfcoretransparency.code.tex 2021/05/15 v3.1.9a (3.1.9a)
)
(/usr/local/texlive/2022/texmf-dist/tex/generic/pgf/basiclayer/pgfcorepatterns.
code.tex
File: pgfcorepatterns.code.tex 2021/05/15 v3.1.9a (3.1.9a)
)
(/usr/local/texlive/2022/texmf-dist/tex/generic/pgf/basiclayer/pgfcorerdf.code.
tex
File: pgfcorerdf.code.tex 2021/05/15 v3.1.9a (3.1.9a)
))) (/usr/local/texlive/2022/texmf-dist/tex/latex/pgf/utilities/xxcolor.sty
Package: xxcolor 2003/10/24 ver 0.1
\XC@nummixins=\count296
\XC@countmixins=\count297
) (/usr/local/texlive/2022/texmf-dist/tex/latex/base/atbegshi-ltx.sty
Package: atbegshi-ltx 2021/01/10 v1.0c Emulation of the original atbegshi
package with kernel methods
)
(/usr/local/texlive/2022/texmf-dist/tex/latex/hyperref/hyperref.sty
Package: hyperref 2022-02-21 v7.00n Hypertext links for LaTeX

(/usr/local/texlive/2022/texmf-dist/tex/generic/ltxcmds/ltxcmds.sty
Package: ltxcmds 2020-05-10 v1.25 LaTeX kernel commands for general use (HO)
)
(/usr/local/texlive/2022/texmf-dist/tex/generic/pdftexcmds/pdftexcmds.sty
Package: pdftexcmds 2020-06-27 v0.33 Utility functions of pdfTeX for LuaTeX (HO
)

(/usr/local/texlive/2022/texmf-dist/tex/generic/infwarerr/infwarerr.sty
Package: infwarerr 2019/12/03 v1.5 Providing info/warning/error messages (HO)
)
Package pdftexcmds Info: \pdf@primitive is available.
Package pdftexcmds Info: \pdf@ifprimitive is available.
Package pdftexcmds Info: \pdfdraftmode found.
)
(/usr/local/texlive/2022/texmf-dist/tex/generic/kvsetkeys/kvsetkeys.sty
Package: kvsetkeys 2019/12/15 v1.18 Key value parser (HO)
)
(/usr/local/texlive/2022/texmf-dist/tex/generic/kvdefinekeys/kvdefinekeys.sty
Package: kvdefinekeys 2019-12-19 v1.6 Define keys (HO)
)
(/usr/local/texlive/2022/texmf-dist/tex/generic/pdfescape/pdfescape.sty
Package: pdfescape 2019/12/09 v1.15 Implements pdfTeX's escape features (HO)
)
(/usr/local/texlive/2022/texmf-dist/tex/latex/hycolor/hycolor.sty
Package: hycolor 2020-01-27 v1.10 Color options for hyperref/bookmark (HO)
)
(/usr/local/texlive/2022/texmf-dist/tex/latex/letltxmacro/letltxmacro.sty
Package: letltxmacro 2019/12/03 v1.6 Let assignment for LaTeX macros (HO)
)
(/usr/local/texlive/2022/texmf-dist/tex/latex/auxhook/auxhook.sty
Package: auxhook 2019-12-17 v1.6 Hooks for auxiliary files (HO)
)
(/usr/local/texlive/2022/texmf-dist/tex/latex/kvoptions/kvoptions.sty
Package: kvoptions 2020-10-07 v3.14 Key value format for package options (HO)
)
\@linkdim=\dimen265
\Hy@linkcounter=\count298
\Hy@pagecounter=\count299

(/usr/local/texlive/2022/texmf-dist/tex/latex/hyperref/pd1enc.def
File: pd1enc.def 2022-02-21 v7.00n Hyperref: PDFDocEncoding definition (HO)
Now handling font encoding PD1 ...
... no UTF-8 mapping file for font encoding PD1
)
(/usr/local/texlive/2022/texmf-dist/tex/generic/intcalc/intcalc.sty
Package: intcalc 2019/12/15 v1.3 Expandable calculations with integers (HO)
)
(/usr/local/texlive/2022/texmf-dist/tex/generic/etexcmds/etexcmds.sty
Package: etexcmds 2019/12/15 v1.7 Avoid name clashes with e-TeX commands (HO)
)
\Hy@SavedSpaceFactor=\count300

(/usr/local/texlive/2022/texmf-dist/tex/latex/hyperref/puenc.def
File: puenc.def 2022-02-21 v7.00n Hyperref: PDF Unicode definition (HO)
Now handling font encoding PU ...
... no UTF-8 mapping file for font encoding PU
)
Package hyperref Info: Option `bookmarks' set `true' on input line 4018.
Package hyperref Info: Option `bookmarksopen' set `true' on input line 4018.
Package hyperref Info: Option `implicit' set `false' on input line 4018.
Package hyperref Info: Hyper figures OFF on input line 4137.
Package hyperref Info: Link nesting OFF on input line 4142.
Package hyperref Info: Hyper index ON on input line 4145.
Package hyperref Info: Plain pages OFF on input line 4152.
Package hyperref Info: Backreferencing OFF on input line 4157.
Package hyperref Info: Implicit mode OFF; no redefinition of LaTeX internals.
Package hyperref Info: Bookmarks ON on input line 4390.
\c@Hy@tempcnt=\count301

(/usr/local/texlive/2022/texmf-dist/tex/latex/url/url.sty
\Urlmuskip=\muskip16
Package: url 2013/09/16  ver 3.4  Verb mode for urls, etc.
)
LaTeX Info: Redefining \url on input line 4749.
\XeTeXLinkMargin=\dimen266

(/usr/local/texlive/2022/texmf-dist/tex/generic/bitset/bitset.sty
Package: bitset 2019/12/09 v1.3 Handle bit-vector datatype (HO)

(/usr/local/texlive/2022/texmf-dist/tex/generic/bigintcalc/bigintcalc.sty
Package: bigintcalc 2019/12/15 v1.5 Expandable calculations on big integers (HO
)
))
\Fld@menulength=\count302
\Field@Width=\dimen267
\Fld@charsize=\dimen268
Package hyperref Info: Hyper figures OFF on input line 6027.
Package hyperref Info: Link nesting OFF on input line 6032.
Package hyperref Info: Hyper index ON on input line 6035.
Package hyperref Info: backreferencing OFF on input line 6042.
Package hyperref Info: Link coloring OFF on input line 6047.
Package hyperref Info: Link coloring with OCG OFF on input line 6052.
Package hyperref Info: PDF/A mode OFF on input line 6057.
LaTeX Info: Redefining \ref on input line 6097.
LaTeX Info: Redefining \pageref on input line 6101.
\Hy@abspage=\count303


Package hyperref Message: Stopped early.

)
Package hyperref Info: Driver (autodetected): hpdftex.
 (/usr/local/texlive/2022/texmf-dist/tex/latex/hyperref/hpdftex.def
File: hpdftex.def 2022-02-21 v7.00n Hyperref driver for pdfTeX

(/usr/local/texlive/2022/texmf-dist/tex/latex/base/atveryend-ltx.sty
Package: atveryend-ltx 2020/08/19 v1.0a Emulation of the original atveryend pac
kage
with kernel methods
)
\Fld@listcount=\count304
\c@bookmark@seq@number=\count305

(/usr/local/texlive/2022/texmf-dist/tex/latex/rerunfilecheck/rerunfilecheck.sty
Package: rerunfilecheck 2019/12/05 v1.9 Rerun checks for auxiliary files (HO)

(/usr/local/texlive/2022/texmf-dist/tex/generic/uniquecounter/uniquecounter.sty
Package: uniquecounter 2019/12/15 v1.4 Provide unlimited unique counter (HO)
)
Package uniquecounter Info: New unique counter `rerunfilecheck' on input line 2
86.
)) (/usr/local/texlive/2022/texmf-dist/tex/latex/beamer/beamerbaserequires.sty
(/usr/local/texlive/2022/texmf-dist/tex/latex/beamer/beamerbasecompatibility.st
y) (/usr/local/texlive/2022/texmf-dist/tex/latex/beamer/beamerbasefont.sty
(/usr/local/texlive/2022/texmf-dist/tex/latex/amsfonts/amssymb.sty
Package: amssymb 2013/01/14 v3.01 AMS font symbols

(/usr/local/texlive/2022/texmf-dist/tex/latex/amsfonts/amsfonts.sty
Package: amsfonts 2013/01/14 v3.01 Basic AMSFonts support
\@emptytoks=\toks28
\symAMSa=\mathgroup4
\symAMSb=\mathgroup5
LaTeX Font Info:    Redeclaring math symbol \hbar on input line 98.
LaTeX Font Info:    Overwriting math alphabet `\mathfrak' in version `bold'
(Font)                  U/euf/m/n --> U/euf/b/n on input line 106.
))
(/usr/local/texlive/2022/texmf-dist/tex/latex/sansmathaccent/sansmathaccent.sty
Package: sansmathaccent 2020/01/31
(/usr/local/texlive/2022/texmf-dist/tex/latex/koma-script/scrlfile.sty
Package: scrlfile 2021/11/13 v3.35 KOMA-Script package (file load hooks)

(/usr/local/texlive/2022/texmf-dist/tex/latex/koma-script/scrlfile-hook.sty
Package: scrlfile-hook 2021/11/13 v3.35 KOMA-Script package (using LaTeX hooks)


(/usr/local/texlive/2022/texmf-dist/tex/latex/koma-script/scrlogo.sty
Package: scrlogo 2021/11/13 v3.35 KOMA-Script package (logo)
)))))
(/usr/local/texlive/2022/texmf-dist/tex/latex/beamer/beamerbasetranslator.sty
(/usr/local/texlive/2022/texmf-dist/tex/latex/translator/translator.sty
Package: translator 2021-05-31 v1.12d Easy translation of strings in LaTeX
))
(/usr/local/texlive/2022/texmf-dist/tex/latex/beamer/beamerbasemisc.sty)
(/usr/local/texlive/2022/texmf-dist/tex/latex/beamer/beamerbasetwoscreens.sty)
(/usr/local/texlive/2022/texmf-dist/tex/latex/beamer/beamerbaseoverlay.sty
\beamer@argscount=\count306
\beamer@lastskipcover=\skip50
\beamer@trivlistdepth=\count307
)
(/usr/local/texlive/2022/texmf-dist/tex/latex/beamer/beamerbasetitle.sty)
(/usr/local/texlive/2022/texmf-dist/tex/latex/beamer/beamerbasesection.sty
\c@lecture=\count308
\c@part=\count309
\c@section=\count310
\c@subsection=\count311
\c@subsubsection=\count312
)
(/usr/local/texlive/2022/texmf-dist/tex/latex/beamer/beamerbaseframe.sty
\beamer@framebox=\box65
\beamer@frametitlebox=\box66
\beamer@zoombox=\box67
\beamer@zoomcount=\count313
\beamer@zoomframecount=\count314
\beamer@frametextheight=\dimen269
\c@subsectionslide=\count315
\beamer@frametopskip=\skip51
\beamer@framebottomskip=\skip52
\beamer@frametopskipautobreak=\skip53
\beamer@framebottomskipautobreak=\skip54
\beamer@envbody=\toks29
\framewidth=\dimen270
\c@framenumber=\count316
)
(/usr/local/texlive/2022/texmf-dist/tex/latex/beamer/beamerbaseverbatim.sty
\beamer@verbatimfileout=\write4
)
(/usr/local/texlive/2022/texmf-dist/tex/latex/beamer/beamerbaseframesize.sty
\beamer@splitbox=\box68
\beamer@autobreakcount=\count317
\beamer@autobreaklastheight=\dimen271
\beamer@frametitletoks=\toks30
\beamer@framesubtitletoks=\toks31
)
(/usr/local/texlive/2022/texmf-dist/tex/latex/beamer/beamerbaseframecomponents.
sty
\beamer@footins=\box69
) (/usr/local/texlive/2022/texmf-dist/tex/latex/beamer/beamerbasecolor.sty)
(/usr/local/texlive/2022/texmf-dist/tex/latex/beamer/beamerbasenotes.sty
\beamer@frameboxcopy=\box70
)
(/usr/local/texlive/2022/texmf-dist/tex/latex/beamer/beamerbasetoc.sty)
(/usr/local/texlive/2022/texmf-dist/tex/latex/beamer/beamerbasetemplates.sty
\beamer@sbttoks=\toks32

(/usr/local/texlive/2022/texmf-dist/tex/latex/beamer/beamerbaseauxtemplates.sty
(/usr/local/texlive/2022/texmf-dist/tex/latex/beamer/beamerbaseboxes.sty
\bmb@box=\box71
\bmb@colorbox=\box72
\bmb@boxwidth=\dimen272
\bmb@boxheight=\dimen273
\bmb@prevheight=\dimen274
\bmb@temp=\dimen275
\bmb@dima=\dimen276
\bmb@dimb=\dimen277
\bmb@prevheight=\dimen278
)
\beamer@blockheadheight=\dimen279
))
(/usr/local/texlive/2022/texmf-dist/tex/latex/beamer/beamerbaselocalstructure.s
ty (/usr/local/texlive/2022/texmf-dist/tex/latex/tools/enumerate.sty
Package: enumerate 2015/07/23 v3.00 enumerate extensions (DPC)
\@enLab=\toks33
)
\beamer@bibiconwidth=\skip55
\c@figure=\count318
\c@table=\count319
\abovecaptionskip=\skip56
\belowcaptionskip=\skip57
)
(/usr/local/texlive/2022/texmf-dist/tex/latex/beamer/beamerbasenavigation.sty
\beamer@section@min@dim=\dimen280
)
(/usr/local/texlive/2022/texmf-dist/tex/latex/beamer/beamerbasetheorems.sty
(/usr/local/texlive/2022/texmf-dist/tex/latex/amsmath/amsmath.sty
Package: amsmath 2021/10/15 v2.17l AMS math features
\@mathmargin=\skip58

For additional information on amsmath, use the `?' option.
(/usr/local/texlive/2022/texmf-dist/tex/latex/amsmath/amstext.sty
Package: amstext 2021/08/26 v2.01 AMS text

(/usr/local/texlive/2022/texmf-dist/tex/latex/amsmath/amsgen.sty
File: amsgen.sty 1999/11/30 v2.0 generic functions
\@emptytoks=\toks34
\ex@=\dimen281
))
(/usr/local/texlive/2022/texmf-dist/tex/latex/amsmath/amsbsy.sty
Package: amsbsy 1999/11/29 v1.2d Bold Symbols
\pmbraise@=\dimen282
)
(/usr/local/texlive/2022/texmf-dist/tex/latex/amsmath/amsopn.sty
Package: amsopn 2021/08/26 v2.02 operator names
)
\inf@bad=\count320
LaTeX Info: Redefining \frac on input line 234.
\uproot@=\count321
\leftroot@=\count322
LaTeX Info: Redefining \overline on input line 399.
\classnum@=\count323
\DOTSCASE@=\count324
LaTeX Info: Redefining \ldots on input line 496.
LaTeX Info: Redefining \dots on input line 499.
LaTeX Info: Redefining \cdots on input line 620.
\Mathstrutbox@=\box73
\strutbox@=\box74
\big@size=\dimen283
LaTeX Font Info:    Redeclaring font encoding OML on input line 743.
LaTeX Font Info:    Redeclaring font encoding OMS on input line 744.
\macc@depth=\count325
\c@MaxMatrixCols=\count326
\dotsspace@=\muskip17
\c@parentequation=\count327
\dspbrk@lvl=\count328
\tag@help=\toks35
\row@=\count329
\column@=\count330
\maxfields@=\count331
\andhelp@=\toks36
\eqnshift@=\dimen284
\alignsep@=\dimen285
\tagshift@=\dimen286
\tagwidth@=\dimen287
\totwidth@=\dimen288
\lineht@=\dimen289
\@envbody=\toks37
\multlinegap=\skip59
\multlinetaggap=\skip60
\mathdisplay@stack=\toks38
LaTeX Info: Redefining \[ on input line 2938.
LaTeX Info: Redefining \] on input line 2939.
)
(/usr/local/texlive/2022/texmf-dist/tex/latex/amscls/amsthm.sty
Package: amsthm 2020/05/29 v2.20.6
\thm@style=\toks39
\thm@bodyfont=\toks40
\thm@headfont=\toks41
\thm@notefont=\toks42
\thm@headpunct=\toks43
\thm@preskip=\skip61
\thm@postskip=\skip62
\thm@headsep=\skip63
\dth@everypar=\toks44
)
\c@theorem=\count332
)
(/usr/local/texlive/2022/texmf-dist/tex/latex/beamer/beamerbasethemes.sty))
(/usr/local/texlive/2022/texmf-dist/tex/latex/beamer/beamerthemedefault.sty
(/usr/local/texlive/2022/texmf-dist/tex/latex/beamer/beamerfontthemedefault.sty
)
(/usr/local/texlive/2022/texmf-dist/tex/latex/beamer/beamercolorthemedefault.st
y)
(/usr/local/texlive/2022/texmf-dist/tex/latex/beamer/beamerinnerthemedefault.st
y
\beamer@dima=\dimen290
\beamer@dimb=\dimen291
)
(/usr/local/texlive/2022/texmf-dist/tex/latex/beamer/beamerouterthemedefault.st
y))) (/usr/local/texlive/2022/texmf-dist/tex/latex/booktabs/booktabs.sty
Package: booktabs 2020/01/12 v1.61803398 Publication quality tables
\heavyrulewidth=\dimen292
\lightrulewidth=\dimen293
\cmidrulewidth=\dimen294
\belowrulesep=\dimen295
\belowbottomsep=\dimen296
\aboverulesep=\dimen297
\abovetopsep=\dimen298
\cmidrulesep=\dimen299
\cmidrulekern=\dimen300
\defaultaddspace=\dimen301
\@cmidla=\count333
\@cmidlb=\count334
\@aboverulesep=\dimen302
\@belowrulesep=\dimen303
\@thisruleclass=\count335
\@lastruleclass=\count336
\@thisrulewidth=\dimen304
)
(/usr/local/texlive/2022/texmf-dist/tex/latex/beamer/beamerthemeBoadilla.sty
(/usr/local/texlive/2022/texmf-dist/tex/latex/beamer/beamercolorthemerose.sty)
(/usr/local/texlive/2022/texmf-dist/tex/latex/beamer/beamerinnerthemerounded.st
y)
(/usr/local/texlive/2022/texmf-dist/tex/latex/beamer/beamercolorthemedolphin.st
y)
(/usr/local/texlive/2022/texmf-dist/tex/latex/beamer/beamerouterthemeinfolines.
sty)) (/usr/local/texlive/2022/texmf-dist/tex/latex/psnfss/palatino.sty
Package: palatino 2020/03/25 PSNFSS-v9.3 (SPQR) 
)
(/usr/local/texlive/2022/texmf-dist/tex/latex/algorithm2e/algorithm2e.sty
Package: algorithm2e 2017/07/18 v5.2 algorithms environments
\c@AlgoLine=\count337

(/usr/local/texlive/2022/texmf-dist/tex/latex/base/ifthen.sty
Package: ifthen 2020/11/24 v1.1c Standard LaTeX ifthen package (DPC)
)
\algocf@hangindent=\skip64

(/usr/local/texlive/2022/texmf-dist/tex/latex/ifoddpage/ifoddpage.sty
Package: ifoddpage 2016/04/23 v1.1 Conditionals for odd/even page detection
\c@checkoddpage=\count338
)
(/usr/local/texlive/2022/texmf-dist/tex/latex/tools/xspace.sty
Package: xspace 2014/10/28 v1.13 Space after command names (DPC,MH)
)
(/usr/local/texlive/2022/texmf-dist/tex/latex/relsize/relsize.sty
Package: relsize 2013/03/29 ver 4.1
)
\skiptotal=\skip65
\skiplinenumber=\skip66
\skiprule=\skip67
\skiphlne=\skip68
\skiptext=\skip69
\skiplength=\skip70
\algomargin=\skip71
\skipalgocfslide=\skip72
\algowidth=\dimen305
\inoutsize=\dimen306
\inoutindent=\dimen307
\interspacetitleruled=\dimen308
\interspacealgoruled=\dimen309
\interspacetitleboxruled=\dimen310
\algocf@ruledwidth=\skip73
\algocf@inoutbox=\box75
\algocf@inputbox=\box76
\AlCapSkip=\skip74
\AlCapHSkip=\skip75
\algoskipindent=\skip76
\algocf@nlbox=\box77
\algocf@hangingbox=\box78
\algocf@untilbox=\box79
\algocf@skipuntil=\skip77
\algocf@capbox=\box80
\algocf@lcaptionbox=\skip78
\algoheightruledefault=\skip79
\algoheightrule=\skip80
\algotitleheightruledefault=\skip81
\algotitleheightrule=\skip82
\c@algocfline=\count339
\c@algocfproc=\count340
\c@algocf=\count341
\algocf@algoframe=\box81
\algocf@algobox=\box82
)
(/usr/local/texlive/2022/texmf-dist/tex/latex/opensans/opensans.sty
Package: opensans 2019/06/20 Style file for Open Sans.

(/usr/local/texlive/2022/texmf-dist/tex/latex/fontaxes/fontaxes.sty
Package: fontaxes 2020/07/21 v1.0e Font selection axes
LaTeX Info: Redefining \upshape on input line 29.
LaTeX Info: Redefining \itshape on input line 31.
LaTeX Info: Redefining \slshape on input line 33.
LaTeX Info: Redefining \swshape on input line 35.
LaTeX Info: Redefining \scshape on input line 37.
LaTeX Info: Redefining \sscshape on input line 39.
LaTeX Info: Redefining \ulcshape on input line 41.
LaTeX Info: Redefining \textsw on input line 47.
LaTeX Info: Redefining \textssc on input line 48.
LaTeX Info: Redefining \textulc on input line 49.
)
(/usr/local/texlive/2022/texmf-dist/tex/generic/iftex/ifluatex.sty
Package: ifluatex 2019/10/25 v1.5 ifluatex legacy package. Use iftex instead.
)
(/usr/local/texlive/2022/texmf-dist/tex/generic/iftex/ifxetex.sty
Package: ifxetex 2019/10/25 v0.7 ifxetex legacy package. Use iftex instead.
)
(/usr/local/texlive/2022/texmf-dist/tex/latex/xkeyval/xkeyval.sty
Package: xkeyval 2020/11/20 v2.8 package option processing (HA)

(/usr/local/texlive/2022/texmf-dist/tex/generic/xkeyval/xkeyval.tex
(/usr/local/texlive/2022/texmf-dist/tex/generic/xkeyval/xkvutils.tex
\XKV@toks=\toks45
\XKV@tempa@toks=\toks46
)
\XKV@depth=\count342
File: xkeyval.tex 2014/12/03 v2.7a key=value parser (HA)
)))
(/usr/local/texlive/2022/texmf-dist/tex/generic/babel/babel.sty
Package: babel 2022/02/26 3.73 The Babel package
\babel@savecnt=\count343
\U@D=\dimen311
\l@unhyphenated=\language87

(/usr/local/texlive/2022/texmf-dist/tex/generic/babel/txtbabel.def)
\bbl@readstream=\read3
LaTeX Info: Redefining \textlatin on input line 3969.
\bbl@dirlevel=\count344

(/usr/local/texlive/2022/texmf-dist/tex/generic/babel-spanish/spanish.ldf
Language: spanish.ldf 2021/05/27 v5.0q Spanish support from the babel system
\es@quottoks=\toks47
\es@quotdepth=\count345
Package babel Info: Making " an active character on input line 570.
Package babel Info: Making . an active character on input line 675.
Package babel Info: Making < an active character on input line 722.
Package babel Info: Making > an active character on input line 722.
))
(/usr/local/texlive/2022/texmf-dist/tex/generic/dirtree/dirtree.sty
Package: dirtree 2012/12/11 v0.32 package wrapper for dirtree

(/usr/local/texlive/2022/texmf-dist/tex/generic/dirtree/dirtree.tex
`dirtree' v0.32, 2012/12/11 (jcc)
\DT@offset=\dimen312
\DT@width=\dimen313
\DT@sep=\dimen314
\DT@all=\dimen315
\DT@rulewidth=\dimen316
\DT@dotwidth=\dimen317
\DTbaselineskip=\dimen318
\DT@counti=\count346
\DT@countii=\count347
\DT@countiii=\count348
\DT@countiv=\count349
\DT@indent=\dimen319
\DT@parskip=\dimen320
\DT@baselineskip=\dimen321
)
File: dirtree.tex 2012/12/11 v0.32 `dirtree' (jcc)
)
(/usr/local/texlive/2022/texmf-dist/tex/latex/psnfss/helvet.sty
Package: helvet 2020/03/25 PSNFSS-v9.3 (WaS) 
)
(/usr/local/texlive/2022/texmf-dist/tex/latex/natbib/natbib.sty
Package: natbib 2010/09/13 8.31b (PWD, AO)
\bibhang=\skip83
\bibsep=\skip84
LaTeX Info: Redefining \cite on input line 694.
\c@NAT@ctr=\count350
)
(/usr/local/texlive/2022/texmf-dist/tex/latex/graphics/rotating.sty
Package: rotating 2016/08/11 v2.16d rotated objects in LaTeX
\c@r@tfl@t=\count351
\rotFPtop=\skip85
\rotFPbot=\skip86
\rot@float@box=\box83
\rot@mess@toks=\toks48
)
(/usr/local/texlive/2022/texmf-dist/tex/latex/pgf/frontendlayer/tikz.sty
(/usr/local/texlive/2022/texmf-dist/tex/latex/pgf/basiclayer/pgf.sty
Package: pgf 2021/05/15 v3.1.9a (3.1.9a)

(/usr/local/texlive/2022/texmf-dist/tex/generic/pgf/modules/pgfmoduleshapes.cod
e.tex
File: pgfmoduleshapes.code.tex 2021/05/15 v3.1.9a (3.1.9a)
\pgfnodeparttextbox=\box84
)
(/usr/local/texlive/2022/texmf-dist/tex/generic/pgf/modules/pgfmoduleplot.code.
tex
File: pgfmoduleplot.code.tex 2021/05/15 v3.1.9a (3.1.9a)
)
(/usr/local/texlive/2022/texmf-dist/tex/latex/pgf/compatibility/pgfcomp-version
-0-65.sty
Package: pgfcomp-version-0-65 2021/05/15 v3.1.9a (3.1.9a)
\pgf@nodesepstart=\dimen322
\pgf@nodesepend=\dimen323
)
(/usr/local/texlive/2022/texmf-dist/tex/latex/pgf/compatibility/pgfcomp-version
-1-18.sty
Package: pgfcomp-version-1-18 2021/05/15 v3.1.9a (3.1.9a)
))
(/usr/local/texlive/2022/texmf-dist/tex/latex/pgf/utilities/pgffor.sty
(/usr/local/texlive/2022/texmf-dist/tex/generic/pgf/utilities/pgffor.code.tex
Package: pgffor 2021/05/15 v3.1.9a (3.1.9a)

(/usr/local/texlive/2022/texmf-dist/tex/generic/pgf/math/pgfmath.code.tex)
\pgffor@iter=\dimen324
\pgffor@skip=\dimen325
\pgffor@stack=\toks49
\pgffor@toks=\toks50
))
(/usr/local/texlive/2022/texmf-dist/tex/generic/pgf/frontendlayer/tikz/tikz.cod
e.tex
Package: tikz 2021/05/15 v3.1.9a (3.1.9a)

(/usr/local/texlive/2022/texmf-dist/tex/generic/pgf/libraries/pgflibraryplothan
dlers.code.tex
File: pgflibraryplothandlers.code.tex 2021/05/15 v3.1.9a (3.1.9a)
\pgf@plot@mark@count=\count352
\pgfplotmarksize=\dimen326
)
\tikz@lastx=\dimen327
\tikz@lasty=\dimen328
\tikz@lastxsaved=\dimen329
\tikz@lastysaved=\dimen330
\tikz@lastmovetox=\dimen331
\tikz@lastmovetoy=\dimen332
\tikzleveldistance=\dimen333
\tikzsiblingdistance=\dimen334
\tikz@figbox=\box85
\tikz@figbox@bg=\box86
\tikz@tempbox=\box87
\tikz@tempbox@bg=\box88
\tikztreelevel=\count353
\tikznumberofchildren=\count354
\tikznumberofcurrentchild=\count355
\tikz@fig@count=\count356

(/usr/local/texlive/2022/texmf-dist/tex/generic/pgf/modules/pgfmodulematrix.cod
e.tex
File: pgfmodulematrix.code.tex 2021/05/15 v3.1.9a (3.1.9a)
\pgfmatrixcurrentrow=\count357
\pgfmatrixcurrentcolumn=\count358
\pgf@matrix@numberofcolumns=\count359
)
\tikz@expandcount=\count360

(/usr/local/texlive/2022/texmf-dist/tex/generic/pgf/frontendlayer/tikz/librarie
s/tikzlibrarytopaths.code.tex
File: tikzlibrarytopaths.code.tex 2021/05/15 v3.1.9a (3.1.9a)
)))
(/usr/local/texlive/2022/texmf-dist/tex/generic/pgf/frontendlayer/tikz/librarie
s/tikzlibrarycalc.code.tex
File: tikzlibrarycalc.code.tex 2021/05/15 v3.1.9a (3.1.9a)
)
(/usr/local/texlive/2022/texmf-dist/tex/latex/tools/array.sty
Package: array 2021/10/04 v2.5f Tabular extension package (FMi)
\col@sep=\dimen335
\ar@mcellbox=\box89
\extrarowheight=\dimen336
\NC@list=\toks51
\extratabsurround=\skip87
\backup@length=\skip88
\ar@cellbox=\box90
)
(/usr/local/texlive/2022/texmf-dist/tex/latex/adjustbox/adjustbox.sty
Package: adjustbox 2020/08/19 v1.3 Adjusting TeX boxes (trim, clip, ...)

(/usr/local/texlive/2022/texmf-dist/tex/latex/adjustbox/adjcalc.sty
Package: adjcalc 2012/05/16 v1.1 Provides advanced setlength with multiple back
-ends (calc, etex, pgfmath)
)
(/usr/local/texlive/2022/texmf-dist/tex/latex/adjustbox/trimclip.sty
Package: trimclip 2020/08/19 v1.2 Trim and clip general TeX material

(/usr/local/texlive/2022/texmf-dist/tex/latex/collectbox/collectbox.sty
Package: collectbox 2012/05/17 v0.4b Collect macro arguments as boxes
\collectedbox=\box91
)
\tc@llx=\dimen337
\tc@lly=\dimen338
\tc@urx=\dimen339
\tc@ury=\dimen340
Package trimclip Info: Using driver 'tc-pdftex.def'.

(/usr/local/texlive/2022/texmf-dist/tex/latex/adjustbox/tc-pdftex.def
File: tc-pdftex.def 2019/01/04 v2.2 Clipping driver for pdftex
))
\adjbox@Width=\dimen341
\adjbox@Height=\dimen342
\adjbox@Depth=\dimen343
\adjbox@Totalheight=\dimen344
\adjbox@pwidth=\dimen345
\adjbox@pheight=\dimen346
\adjbox@pdepth=\dimen347
\adjbox@ptotalheight=\dimen348

(/usr/local/texlive/2022/texmf-dist/tex/latex/varwidth/varwidth.sty
Package: varwidth 2009/03/30 ver 0.92;  Variable-width minipages
\@vwid@box=\box92
\sift@deathcycles=\count361
\@vwid@loff=\dimen349
\@vwid@roff=\dimen350
))
(/usr/local/texlive/2022/texmf-dist/tex/latex/caption/subcaption.sty
Package: subcaption 2022/01/07 v1.5 Sub-captions (AR)

(/usr/local/texlive/2022/texmf-dist/tex/latex/caption/caption.sty
Package: caption 2022/03/01 v3.6b Customizing captions (AR)

(/usr/local/texlive/2022/texmf-dist/tex/latex/caption/caption3.sty
Package: caption3 2022/03/17 v2.3b caption3 kernel (AR)
\caption@tempdima=\dimen351
\captionmargin=\dimen352
\caption@leftmargin=\dimen353
\caption@rightmargin=\dimen354
\caption@width=\dimen355
\caption@indent=\dimen356
\caption@parindent=\dimen357
\caption@hangindent=\dimen358
Package caption Info: beamer document class detected.

(/usr/local/texlive/2022/texmf-dist/tex/latex/caption/caption-beamer.sto
File: caption-beamer.sto 2022/01/06 v2.0c Adaption of the caption package to th
e beamer document classes (AR)
))
\c@caption@flags=\count362
\c@continuedfloat=\count363
Package caption Info: hyperref package is loaded.
Package caption Info: Hyperref support is turned off
(caption)             because hyperref has stopped early.
Package caption Info: rotating package is loaded.
)
\c@subfigure=\count364
\c@subtable=\count365
)
(/usr/local/texlive/2022/texmf-dist/tex/latex/natbib/bibentry.sty
Package: bibentry 2007/10/30 1.5 (PWD)
)
(/usr/local/texlive/2022/texmf-dist/tex/latex/chngcntr/chngcntr.sty
Package: chngcntr 2018/04/09 v1.1a change counter resetting
Package chngcntr Info: \counterwithout already defined.
(chngcntr)             Quitting chngcntr on input line 21.
)
(/usr/local/texlive/2022/texmf-dist/tex/latex/lipsum/lipsum.sty
(/usr/local/texlive/2022/texmf-dist/tex/latex/l3packages/l3keys2e/l3keys2e.sty
(/usr/local/texlive/2022/texmf-dist/tex/latex/l3kernel/expl3.sty
Package: expl3 2022-02-24 L3 programming layer (loader) 

(/usr/local/texlive/2022/texmf-dist/tex/latex/l3backend/l3backend-pdftex.def
File: l3backend-pdftex.def 2022-02-07 L3 backend support: PDF output (pdfTeX)
\l__color_backend_stack_int=\count366
\l__pdf_internal_box=\box93
))
Package: l3keys2e 2022-01-12 LaTeX2e option processing using LaTeX3 keys
)
Package: lipsum 2021-09-20 v2.7 150 paragraphs of Lorem Ipsum dummy text
\g__lipsum_par_int=\count367
\l__lipsum_a_int=\count368
\l__lipsum_b_int=\count369
(/usr/local/texlive/2022/texmf-dist/tex/latex/lipsum/lipsum.ltd.tex))
(/usr/local/texlive/2022/texmf-dist/tex/latex/hanging/hanging.sty
Package: hanging 2009/09/02 v1.2b hanging paragraphs and punctuation
\h@ngcommawd=\skip89
\h@ngfstopwd=\skip90
\h@ngquotewd=\skip91
\h@ngdquotewd=\skip92
\h@ngquerywd=\skip93
\h@ngexclwd=\skip94
\h@ngcolonwd=\skip95
\h@ngscolonwd=\skip96
)
(/usr/local/texlive/2022/texmf-dist/tex/latex/colortbl/colortbl.sty
Package: colortbl 2020/01/04 v1.0e Color table columns (DPC)
\everycr=\toks52
\minrowclearance=\skip97
)
(/usr/local/texlive/2022/texmf-dist/tex/latex/multirow/multirow.sty
Package: multirow 2021/03/15 v2.8 Span multiple rows of a table
\multirow@colwidth=\skip98
\multirow@cntb=\count370
\multirow@dima=\skip99
\bigstrutjot=\dimen359
)
(/usr/local/texlive/2022/texmf-dist/tex/latex/animate/animate.sty
Package: animate 2022/02/21 PDF & SVG animations from files and inline graphics


(/usr/local/texlive/2022/texmf-dist/tex/latex/oberdiek/ifdraft.sty
Package: ifdraft 2016/05/16 v1.4 Detect class options draft and final (HO)
)
(/usr/local/texlive/2022/texmf-dist/tex/latex/tools/calc.sty
Package: calc 2017/05/25 v4.3 Infix arithmetic (KKT,FJ)
\calc@Acount=\count371
\calc@Bcount=\count372
\calc@Adimen=\dimen360
\calc@Bdimen=\dimen361
\calc@Askip=\skip100
\calc@Bskip=\skip101
LaTeX Info: Redefining \setlength on input line 80.
LaTeX Info: Redefining \addtolength on input line 81.
\calc@Ccount=\count373
\calc@Cskip=\skip102
)
(/usr/local/texlive/2022/texmf-dist/tex/latex/zref/zref-abspage.sty
Package: zref-abspage 2020-07-03 v2.32 Module abspage for zref (HO)

(/usr/local/texlive/2022/texmf-dist/tex/latex/zref/zref-base.sty
Package: zref-base 2020-07-03 v2.32 Module base for zref (HO)
Package zref Info: New property list: main on input line 764.
Package zref Info: New property: default on input line 765.
Package zref Info: New property: page on input line 766.
)
\c@abspage=\count374
Package zref Info: New property: abspage on input line 66.
)
(/usr/local/texlive/2022/texmf-dist/tex/latex/media9/pdfbase.sty
Package: pdfbase 2022/03/18 v0.54 driver independent access to low-level PDF fe
atures
\g_pbs_page_int=\count375
\g_pbs_oc_int=\count376
)
(/usr/local/texlive/2022/texmf-dist/tex/latex/ocgx2/ocgbase.sty
Package: ocgbase 2021/06/11 v0.20 support package for ocgx2.sty
\g_ocgbase_nd_int=\count377
)
\@anim@box=\box94
\@anim@measbox=\box95
\@anim@tmpdima=\dimen362
\@anim@tmpdimb=\dimen363
\@anim@num=\count378
\@anim@curframe=\count379
\@anim@curframe@zb=\count380
\@anim@resizeflags=\count381
\@anim@skipfram=\count382
\@anim@mulframecnt=\count383
\@anim@@tmlnfile=\read4
\@anim@tmpcnt=\count384
\c@@anim@ltxcnt=\count385
\@anim@curlayer=\count386
\@anim@lineno=\count387
\@anim@curfield=\count388
\@anim@@resizeflags=\count389
)
(/usr/local/texlive/2022/texmf-dist/tex/latex/tools/multicol.sty
Package: multicol 2021/10/28 v1.9b multicolumn formatting (FMi)
\c@tracingmulticols=\count390
\mult@box=\box96
\multicol@leftmargin=\dimen364
\c@unbalance=\count391
\c@collectmore=\count392
\doublecol@number=\count393
\multicoltolerance=\count394
\multicolpretolerance=\count395
\full@width=\dimen365
\page@free=\dimen366
\premulticols=\dimen367
\postmulticols=\dimen368
\multicolsep=\skip103
\multicolbaselineskip=\skip104
\partial@page=\box97
\last@line=\box98
\maxbalancingoverflow=\dimen369
\mult@rightbox=\box99
\mult@grightbox=\box100
\mult@firstbox=\box101
\mult@gfirstbox=\box102
\@tempa=\box103
\@tempa=\box104
\@tempa=\box105
\@tempa=\box106
\@tempa=\box107
\@tempa=\box108
\@tempa=\box109
\@tempa=\box110
\@tempa=\box111
\@tempa=\box112
\@tempa=\box113
\@tempa=\box114
\@tempa=\box115
\@tempa=\box116
\@tempa=\box117
\@tempa=\box118
\@tempa=\box119
\@tempa=\box120
\@tempa=\box121
\@tempa=\box122
\@tempa=\box123
\@tempa=\box124
\@tempa=\box125
\@tempa=\box126
\@tempa=\box127
\@tempa=\box128
\@tempa=\box129
\@tempa=\box130
\@tempa=\box131
\@tempa=\box132
\@tempa=\box133
\@tempa=\box134
\@tempa=\box135
\@tempa=\box136
\@tempa=\box137
\@tempa=\box138
\c@minrows=\count396
\c@columnbadness=\count397
\c@finalcolumnbadness=\count398
\last@try=\dimen370
\multicolovershoot=\dimen371
\multicolundershoot=\dimen372
\mult@nat@firstbox=\box139
\colbreak@box=\box140
\mc@col@check@num=\count399
)
(/usr/local/texlive/2022/texmf-dist/tex/latex/tools/tabularx.sty
Package: tabularx 2020/01/15 v2.11c `tabularx' package (DPC)
\TX@col@width=\dimen373
\TX@old@table=\dimen374
\TX@old@col=\dimen375
\TX@target=\dimen376
\TX@delta=\dimen377
\TX@cols=\count400
\TX@ftn=\toks53
)
(/usr/local/texlive/2022/texmf-dist/tex/latex/forloop/forloop.sty
Package: forloop 2006/09/18 v3.0 For Loops for LaTeX
)
(/usr/local/texlive/2022/texmf-dist/tex/latex/ragged2e/ragged2e.sty
Package: ragged2e 2021/12/15 v3.1 ragged2e Package
\CenteringLeftskip=\skip105
\RaggedLeftLeftskip=\skip106
\RaggedRightLeftskip=\skip107
\CenteringRightskip=\skip108
\RaggedLeftRightskip=\skip109
\RaggedRightRightskip=\skip110
\CenteringParfillskip=\skip111
\RaggedLeftParfillskip=\skip112
\RaggedRightParfillskip=\skip113
\JustifyingParfillskip=\skip114
\CenteringParindent=\skip115
\RaggedLeftParindent=\skip116
\RaggedRightParindent=\skip117
\JustifyingParindent=\skip118
)
(/usr/local/texlive/2022/texmf-dist/tex/latex/bbding/bbding.sty
Package: bbding 1999/04/15 v1.01 Dingbats symbols
)
(/usr/local/texlive/2022/texmf-dist/tex/latex/psnfss/pifont.sty
Package: pifont 2020/03/25 PSNFSS-v9.3 Pi font support (SPQR) 
LaTeX Font Info:    Trying to load font information for U+pzd on input line 63.


(/usr/local/texlive/2022/texmf-dist/tex/latex/psnfss/upzd.fd
File: upzd.fd 2001/06/04 font definitions for U/pzd.
)
LaTeX Font Info:    Trying to load font information for U+psy on input line 64.


(/usr/local/texlive/2022/texmf-dist/tex/latex/psnfss/upsy.fd
File: upsy.fd 2001/06/04 font definitions for U/psy.
))
\c@loopcntr=\count401

(/usr/local/texlive/2022/texmf-dist/tex/latex/beamer/beamerinnerthemecircles.st
y)

Package hyperref Warning: Token not allowed in a PDF string (Unicode):
(hyperref)                removing `\\' on input line 201.


Package hyperref Warning: Token not allowed in a PDF string (Unicode):
(hyperref)                removing `\baselineskip' on input line 201.


Package hyperref Warning: Token not allowed in a PDF string (Unicode):
(hyperref)                removing `\\' on input line 201.


Package hyperref Warning: Token not allowed in a PDF string (Unicode):
(hyperref)                removing `\\' on input line 201.


Package hyperref Warning: Token not allowed in a PDF string (Unicode):
(hyperref)                removing `\\' on input line 201.

LaTeX Font Info:    Trying to load font information for OT1+opensans-TLF on inp
ut line 247.
(/usr/local/texlive/2022/texmf-dist/tex/latex/opensans/OT1opensans-TLF.fd
File: OT1opensans-TLF.fd 2019/06/24 Font definitions for OT1/opensans-TLF.
)
LaTeX Font Info:    Font shape `OT1/opensans-TLF/m/n' will be
(Font)              scaled to size 10.95pt on input line 247.

(./template.aux
LaTeX Info: Redefining \. on input line 30.
LaTeX Info: Redefining \% on input line 30.
)
\openout1 = `template.aux'.

LaTeX Font Info:    Checking defaults for OML/cmm/m/it on input line 247.
LaTeX Font Info:    ... okay on input line 247.
LaTeX Font Info:    Checking defaults for OMS/cmsy/m/n on input line 247.
LaTeX Font Info:    ... okay on input line 247.
LaTeX Font Info:    Checking defaults for OT1/cmr/m/n on input line 247.
LaTeX Font Info:    ... okay on input line 247.
LaTeX Font Info:    Checking defaults for T1/cmr/m/n on input line 247.
LaTeX Font Info:    ... okay on input line 247.
LaTeX Font Info:    Checking defaults for TS1/cmr/m/n on input line 247.
LaTeX Font Info:    ... okay on input line 247.
LaTeX Font Info:    Checking defaults for OMX/cmex/m/n on input line 247.
LaTeX Font Info:    ... okay on input line 247.
LaTeX Font Info:    Checking defaults for U/cmr/m/n on input line 247.
LaTeX Font Info:    ... okay on input line 247.
LaTeX Font Info:    Checking defaults for PD1/pdf/m/n on input line 247.
LaTeX Font Info:    ... okay on input line 247.
LaTeX Font Info:    Checking defaults for PU/pdf/m/n on input line 247.
LaTeX Font Info:    ... okay on input line 247.

*geometry* driver: auto-detecting
*geometry* detected driver: pdftex
*geometry* verbose mode - [ preamble ] result:
* driver: pdftex
* paper: custom
* layout: <same size as paper>
* layoutoffset:(h,v)=(0.0pt,0.0pt)
* modes: includehead includefoot 
* h-part:(L,W,R)=(10.95003pt, 433.34402pt, 10.95003pt)
* v-part:(T,H,B)=(0.0pt, 256.0748pt, 0.0pt)
* \paperwidth=455.24408pt
* \paperheight=256.0748pt
* \textwidth=433.34402pt
* \textheight=317.62207pt
* \oddsidemargin=-61.31996pt
* \evensidemargin=-61.31996pt
* \topmargin=-72.26999pt
* \headheight=14.22636pt
* \headsep=0.0pt
* \topskip=11.0pt
* \footskip=14.22636pt
* \marginparwidth=4.0pt
* \marginparsep=10.0pt
* \columnsep=10.0pt
* \skip\footins=10.0pt plus 4.0pt minus 2.0pt
* \hoffset=0.0pt
* \voffset=0.0pt
* \mag=1000
* \@twocolumnfalse
* \@twosidefalse
* \@mparswitchfalse
* \@reversemarginfalse
* (1in=72.27pt=25.4mm, 1cm=28.453pt)

(/usr/local/texlive/2022/texmf-dist/tex/context/base/mkii/supp-pdf.mkii
[Loading MPS to PDF converter (version 2006.09.02).]
\scratchcounter=\count402
\scratchdimen=\dimen378
\scratchbox=\box141
\nofMPsegments=\count403
\nofMParguments=\count404
\everyMPshowfont=\toks54
\MPscratchCnt=\count405
\MPscratchDim=\dimen379
\MPnumerator=\count406
\makeMPintoPDFobject=\count407
\everyMPtoPDFconversion=\toks55
) (/usr/local/texlive/2022/texmf-dist/tex/latex/epstopdf-pkg/epstopdf-base.sty
Package: epstopdf-base 2020-01-24 v2.11 Base part for package epstopdf
Package epstopdf-base Info: Redefining graphics rule for `.eps' on input line 4
85.

(/usr/local/texlive/2022/texmf-dist/tex/latex/latexconfig/epstopdf-sys.cfg
File: epstopdf-sys.cfg 2010/07/13 v1.3 Configuration of (r)epstopdf for TeX Liv
e
))
Package hyperref Info: Link coloring OFF on input line 247.

(/usr/local/texlive/2022/texmf-dist/tex/latex/hyperref/nameref.sty
Package: nameref 2021-04-02 v2.47 Cross-referencing by name of section

(/usr/local/texlive/2022/texmf-dist/tex/latex/refcount/refcount.sty
Package: refcount 2019/12/15 v3.6 Data extraction from label references (HO)
)
(/usr/local/texlive/2022/texmf-dist/tex/generic/gettitlestring/gettitlestring.s
ty
Package: gettitlestring 2019/12/15 v1.6 Cleanup title references (HO)
)
\c@section@level=\count408
)
LaTeX Info: Redefining \ref on input line 247.
LaTeX Info: Redefining \pageref on input line 247.
LaTeX Info: Redefining \nameref on input line 247.
 (./template.out) (./template.out)
\@outlinefile=\write5
\openout5 = `template.out'.

LaTeX Font Info:    Overwriting symbol font `operators' in version `normal'
(Font)                  OT1/cmr/m/n --> OT1/cmss/m/n on input line 247.
LaTeX Font Info:    Overwriting symbol font `operators' in version `bold'
(Font)                  OT1/cmr/bx/n --> OT1/cmss/b/n on input line 247.
\symnumbers=\mathgroup6
\sympureletters=\mathgroup7
LaTeX Font Info:    Overwriting math alphabet `\mathrm' in version `normal'
(Font)                  OT1/cmss/m/n --> OT1/ppl/m/n on input line 247.
LaTeX Font Info:    Redeclaring math alphabet \mathbf on input line 247.
LaTeX Font Info:    Overwriting math alphabet `\mathbf' in version `normal'
(Font)                  OT1/cmr/bx/n --> OT1/phv/b/n on input line 247.
LaTeX Font Info:    Overwriting math alphabet `\mathbf' in version `bold'
(Font)                  OT1/cmr/bx/n --> OT1/phv/b/n on input line 247.
LaTeX Font Info:    Redeclaring math alphabet \mathsf on input line 247.
LaTeX Font Info:    Overwriting math alphabet `\mathsf' in version `normal'
(Font)                  OT1/cmss/m/n --> OT1/phv/m/n on input line 247.
LaTeX Font Info:    Overwriting math alphabet `\mathsf' in version `bold'
(Font)                  OT1/cmss/bx/n --> OT1/phv/m/n on input line 247.
LaTeX Font Info:    Redeclaring math alphabet \mathit on input line 247.
LaTeX Font Info:    Overwriting math alphabet `\mathit' in version `normal'
(Font)                  OT1/cmr/m/it --> OT1/phv/m/it on input line 247.
LaTeX Font Info:    Overwriting math alphabet `\mathit' in version `bold'
(Font)                  OT1/cmr/bx/it --> OT1/phv/m/it on input line 247.
LaTeX Font Info:    Redeclaring math alphabet \mathtt on input line 247.
LaTeX Font Info:    Overwriting math alphabet `\mathtt' in version `normal'
(Font)                  OT1/cmtt/m/n --> OT1/pcr/m/n on input line 247.
LaTeX Font Info:    Overwriting math alphabet `\mathtt' in version `bold'
(Font)                  OT1/cmtt/m/n --> OT1/pcr/m/n on input line 247.
LaTeX Font Info:    Overwriting symbol font `numbers' in version `bold'
(Font)                  OT1/phv/m/n --> OT1/phv/b/n on input line 247.
LaTeX Font Info:    Overwriting symbol font `pureletters' in version `bold'
(Font)                  OT1/phv/m/it --> OT1/phv/b/it on input line 247.
LaTeX Font Info:    Overwriting math alphabet `\mathrm' in version `bold'
(Font)                  OT1/cmss/b/n --> OT1/ppl/b/n on input line 247.
LaTeX Font Info:    Overwriting math alphabet `\mathbf' in version `bold'
(Font)                  OT1/phv/b/n --> OT1/phv/b/n on input line 247.
LaTeX Font Info:    Overwriting math alphabet `\mathsf' in version `bold'
(Font)                  OT1/phv/m/n --> OT1/phv/b/n on input line 247.
LaTeX Font Info:    Overwriting math alphabet `\mathit' in version `bold'
(Font)                  OT1/phv/m/it --> OT1/phv/b/it on input line 247.
LaTeX Font Info:    Overwriting math alphabet `\mathtt' in version `bold'
(Font)                  OT1/pcr/m/n --> OT1/pcr/b/n on input line 247.

(/usr/local/texlive/2022/texmf-dist/tex/latex/translator/translator-basic-dicti
onary-English.dict
Dictionary: translator-basic-dictionary, Language: English 
)
(/usr/local/texlive/2022/texmf-dist/tex/latex/translator/translator-bibliograph
y-dictionary-English.dict
Dictionary: translator-bibliography-dictionary, Language: English 
)
(/usr/local/texlive/2022/texmf-dist/tex/latex/translator/translator-environment
-dictionary-English.dict
Dictionary: translator-environment-dictionary, Language: English 
)
(/usr/local/texlive/2022/texmf-dist/tex/latex/translator/translator-months-dict
ionary-English.dict
Dictionary: translator-months-dictionary, Language: English 
)
(/usr/local/texlive/2022/texmf-dist/tex/latex/translator/translator-numbers-dic
tionary-English.dict
Dictionary: translator-numbers-dictionary, Language: English 
)
(/usr/local/texlive/2022/texmf-dist/tex/latex/translator/translator-theorem-dic
tionary-English.dict
Dictionary: translator-theorem-dictionary, Language: English 
)
\c@mv@tabular=\count409
\c@mv@boldtabular=\count410
LaTeX Info: Redefining \. on input line 247.
LaTeX Info: Redefining \% on input line 247.
Package caption Info: Begin \AtBeginDocument code.
Package caption Info: End \AtBeginDocument code.
 (./template.nav)
LaTeX Font Info:    Font shape `OT1/opensans-TLF/m/n' will be
(Font)              scaled to size 6.0pt on input line 247.
LaTeX Font Info:    Font shape `OT1/opensans-TLF/m/n' will be
(Font)              scaled to size 14.4pt on input line 255.
LaTeX Font Info:    Font shape `OT1/opensans-TLF/m/n' will be
(Font)              scaled to size 10.0pt on input line 255.
LaTeX Font Info:    Font shape `OT1/opensans-TLF/m/n' will be
(Font)              scaled to size 8.0pt on input line 255.
LaTeX Font Info:    Font shape `OT1/opensans-TLF/m/n' will be
(Font)              scaled to size 4.0pt on input line 255.
 [1

{/usr/local/texlive/2022/texmf-var/fonts/map/pdftex/updmap/pdftex.map}] (./temp
late.toc
LaTeX Info: Redefining \. on input line 1.
LaTeX Info: Redefining \% on input line 1.
) [2

]
<Images//DJI_B1.png, id=44, 1927.2pt x 828.09375pt>
File: Images//DJI_B1.png Graphic file (type png)
<use Images//DJI_B1.png>
Package pdftex.def Info: Images//DJI_B1.png  used on input line 298.
(pdftex.def)             Requested size: 194.9956pt x 85.97314pt.
LaTeX Font Info:    Trying to load font information for U+msa on input line 298
.

(/usr/local/texlive/2022/texmf-dist/tex/latex/amsfonts/umsa.fd
File: umsa.fd 2013/01/14 v3.01 AMS symbols A
)
LaTeX Font Info:    Trying to load font information for U+msb on input line 298
.

(/usr/local/texlive/2022/texmf-dist/tex/latex/amsfonts/umsb.fd
File: umsb.fd 2013/01/14 v3.01 AMS symbols B
)
LaTeX Font Info:    Trying to load font information for OT1+phv on input line 2
98.

(/usr/local/texlive/2022/texmf-dist/tex/latex/psnfss/ot1phv.fd
File: ot1phv.fd 2020/03/25 scalable font definitions for OT1/phv.
)
LaTeX Font Info:    Font shape `OT1/phv/m/n' will be
(Font)              scaled to size 10.40245pt on input line 298.
LaTeX Font Info:    Font shape `OT1/phv/m/n' will be
(Font)              scaled to size 7.59998pt on input line 298.
LaTeX Font Info:    Font shape `OT1/phv/m/n' will be
(Font)              scaled to size 5.69998pt on input line 298.
LaTeX Font Info:    Font shape `OT1/phv/m/it' in size <10.95> not available
(Font)              Font shape `OT1/phv/m/sl' tried instead on input line 298.
LaTeX Font Info:    Font shape `OT1/phv/m/sl' will be
(Font)              scaled to size 10.40245pt on input line 298.
LaTeX Font Info:    Font shape `OT1/phv/m/it' in size <8> not available
(Font)              Font shape `OT1/phv/m/sl' tried instead on input line 298.
LaTeX Font Info:    Font shape `OT1/phv/m/sl' will be
(Font)              scaled to size 7.59998pt on input line 298.
LaTeX Font Info:    Font shape `OT1/phv/m/it' in size <6> not available
(Font)              Font shape `OT1/phv/m/sl' tried instead on input line 298.
LaTeX Font Info:    Font shape `OT1/phv/m/sl' will be
(Font)              scaled to size 5.69998pt on input line 298.
<Images//survey_chart.jpg, id=45, 346.64018pt x 200.82106pt>
File: Images//survey_chart.jpg Graphic file (type jpg)
<use Images//survey_chart.jpg>
Package pdftex.def Info: Images//survey_chart.jpg  used on input line 298.
(pdftex.def)             Requested size: 195.01106pt x 85.98058pt.
LaTeX Font Info:    Font shape `OT1/opensans-TLF/b/n' will be
(Font)              scaled to size 10.95pt on input line 298.
LaTeX Font Info:    Font shape `OT1/opensans-TLF/m/n' will be
(Font)              scaled to size 9.0pt on input line 298.
LaTeX Font Info:    Font shape `OT1/phv/m/n' will be
(Font)              scaled to size 8.54997pt on input line 298.
LaTeX Font Info:    Font shape `OT1/phv/m/n' will be
(Font)              scaled to size 4.74998pt on input line 298.
LaTeX Font Info:    Font shape `OT1/phv/m/it' in size <9> not available
(Font)              Font shape `OT1/phv/m/sl' tried instead on input line 298.
LaTeX Font Info:    Font shape `OT1/phv/m/sl' will be
(Font)              scaled to size 8.54997pt on input line 298.
LaTeX Font Info:    Font shape `OT1/phv/m/it' in size <5> not available
(Font)              Font shape `OT1/phv/m/sl' tried instead on input line 298.
LaTeX Font Info:    Font shape `OT1/phv/m/sl' will be
(Font)              scaled to size 4.74998pt on input line 298.
LaTeX Font Info:    Font shape `OT1/opensans-TLF/b/n' will be
(Font)              scaled to size 9.0pt on input line 298.


Package natbib Warning: Citation `Nex2022' on page 3 undefined on input line 29
8.

[3

 <./Images//DJI_B1.png> <./Images//survey_chart.jpg>] (./template.toc
LaTeX Info: Redefining \. on input line 1.
LaTeX Info: Redefining \% on input line 1.
)
[4

]
<Images//drone_taxo.png, id=65, 620.3175pt x 320.19624pt>
File: Images//drone_taxo.png Graphic file (type png)
<use Images//drone_taxo.png>
Package pdftex.def Info: Images//drone_taxo.png  used on input line 312.
(pdftex.def)             Requested size: 227.62204pt x 117.49359pt.
 [5

 <./Images//drone_taxo.png>]
LaTeX Font Info:    Font shape `OT1/opensans-TLF/m/it' will be
(Font)              scaled to size 6.0pt on input line 345.


Package natbib Warning: Citation `1087348' on page 6 undefined on input line 34
5.

<Images//video-0.png, id=74, 602.25pt x 300.12125pt>
File: Images//video-0.png Graphic file (type png)
<use Images//video-0.png>
Package pdftex.def Info: Images//video-0.png  used on input line 345.
(pdftex.def)             Requested size: 602.24852pt x 300.12051pt.
 <./Images//video-0.png> <a0,fr0>
<Images//video-1.png, id=78, 602.25pt x 300.12125pt>
File: Images//video-1.png Graphic file (type png)
<use Images//video-1.png>
Package pdftex.def Info: Images//video-1.png  used on input line 345.
(pdftex.def)             Requested size: 602.24852pt x 300.12051pt.
 <./Images//video-1.png> <a0,fr1>
<Images//video-2.png, id=82, 602.25pt x 300.12125pt>
File: Images//video-2.png Graphic file (type png)
<use Images//video-2.png>
Package pdftex.def Info: Images//video-2.png  used on input line 345.
(pdftex.def)             Requested size: 602.24852pt x 300.12051pt.
 <./Images//video-2.png> <a0,fr2>
<Images//video-3.png, id=86, 602.25pt x 300.12125pt>
File: Images//video-3.png Graphic file (type png)
<use Images//video-3.png>
Package pdftex.def Info: Images//video-3.png  used on input line 345.
(pdftex.def)             Requested size: 602.24852pt x 300.12051pt.
 <./Images//video-3.png> <a0,fr3>
<Images//video-4.png, id=90, 602.25pt x 300.12125pt>
File: Images//video-4.png Graphic file (type png)
<use Images//video-4.png>
Package pdftex.def Info: Images//video-4.png  used on input line 345.
(pdftex.def)             Requested size: 602.24852pt x 300.12051pt.
 <./Images//video-4.png>
<a0,fr4>
<Images//video-5.png, id=94, 602.25pt x 300.12125pt>
File: Images//video-5.png Graphic file (type png)
<use Images//video-5.png>
Package pdftex.def Info: Images//video-5.png  used on input line 345.
(pdftex.def)             Requested size: 602.24852pt x 300.12051pt.
 <./Images//video-5.png> <a0,fr5>
<Images//video-6.png, id=98, 602.25pt x 300.12125pt>
File: Images//video-6.png Graphic file (type png)
<use Images//video-6.png>
Package pdftex.def Info: Images//video-6.png  used on input line 345.
(pdftex.def)             Requested size: 602.24852pt x 300.12051pt.
 <./Images//video-6.png> <a0,fr6>
<Images//video-7.png, id=102, 602.25pt x 300.12125pt>
File: Images//video-7.png Graphic file (type png)
<use Images//video-7.png>
Package pdftex.def Info: Images//video-7.png  used on input line 345.
(pdftex.def)             Requested size: 602.24852pt x 300.12051pt.
 <./Images//video-7.png> <a0,fr7>
<Images//video-8.png, id=106, 602.25pt x 300.12125pt>
File: Images//video-8.png Graphic file (type png)
<use Images//video-8.png>
Package pdftex.def Info: Images//video-8.png  used on input line 345.
(pdftex.def)             Requested size: 602.24852pt x 300.12051pt.
 <./Images//video-8.png> <a0,fr8>
<Images//video-9.png, id=110, 602.25pt x 300.12125pt>
File: Images//video-9.png Graphic file (type png)
<use Images//video-9.png>
Package pdftex.def Info: Images//video-9.png  used on input line 345.
(pdftex.def)             Requested size: 602.24852pt x 300.12051pt.
 <./Images//video-9.png> <a0,fr9>
<Images//video-10.png, id=114, 602.25pt x 300.12125pt>
File: Images//video-10.png Graphic file (type png)
<use Images//video-10.png>
Package pdftex.def Info: Images//video-10.png  used on input line 345.
(pdftex.def)             Requested size: 602.24852pt x 300.12051pt.
 <./Images//video-10.png> <a0,fr10>
<Images//video-11.png, id=118, 602.25pt x 300.12125pt>
File: Images//video-11.png Graphic file (type png)
<use Images//video-11.png>
Package pdftex.def Info: Images//video-11.png  used on input line 345.
(pdftex.def)             Requested size: 602.24852pt x 300.12051pt.
 <./Images//video-11.png>
<a0,fr11>
<Images//video-12.png, id=122, 602.25pt x 300.12125pt>
File: Images//video-12.png Graphic file (type png)
<use Images//video-12.png>
Package pdftex.def Info: Images//video-12.png  used on input line 345.
(pdftex.def)             Requested size: 602.24852pt x 300.12051pt.
 <./Images//video-12.png> <a0,fr12>
<Images//video-13.png, id=126, 602.25pt x 300.12125pt>
File: Images//video-13.png Graphic file (type png)
<use Images//video-13.png>
Package pdftex.def Info: Images//video-13.png  used on input line 345.
(pdftex.def)             Requested size: 602.24852pt x 300.12051pt.
 <./Images//video-13.png>
<a0,fr13>
<Images//video-14.png, id=130, 602.25pt x 300.12125pt>
File: Images//video-14.png Graphic file (type png)
<use Images//video-14.png>
Package pdftex.def Info: Images//video-14.png  used on input line 345.
(pdftex.def)             Requested size: 602.24852pt x 300.12051pt.
 <./Images//video-14.png> <a0,fr14>
<Images//video-15.png, id=134, 602.25pt x 300.12125pt>
File: Images//video-15.png Graphic file (type png)
<use Images//video-15.png>
Package pdftex.def Info: Images//video-15.png  used on input line 345.
(pdftex.def)             Requested size: 602.24852pt x 300.12051pt.
 <./Images//video-15.png>
<a0,fr15>
<Images//video-16.png, id=138, 602.25pt x 300.12125pt>
File: Images//video-16.png Graphic file (type png)
<use Images//video-16.png>
Package pdftex.def Info: Images//video-16.png  used on input line 345.
(pdftex.def)             Requested size: 602.24852pt x 300.12051pt.
 <./Images//video-16.png> <a0,fr16>
<Images//video-17.png, id=142, 602.25pt x 300.12125pt>
File: Images//video-17.png Graphic file (type png)
<use Images//video-17.png>
Package pdftex.def Info: Images//video-17.png  used on input line 345.
(pdftex.def)             Requested size: 602.24852pt x 300.12051pt.
 <./Images//video-17.png>
<a0,fr17>
<Images//video-18.png, id=146, 602.25pt x 300.12125pt>
File: Images//video-18.png Graphic file (type png)
<use Images//video-18.png>
Package pdftex.def Info: Images//video-18.png  used on input line 345.
(pdftex.def)             Requested size: 602.24852pt x 300.12051pt.
 <./Images//video-18.png> <a0,fr18>
<Images//video-19.png, id=150, 602.25pt x 300.12125pt>
File: Images//video-19.png Graphic file (type png)
<use Images//video-19.png>
Package pdftex.def Info: Images//video-19.png  used on input line 345.
(pdftex.def)             Requested size: 602.24852pt x 300.12051pt.
 <./Images//video-19.png>
<a0,fr19>
<Images//video-20.png, id=154, 602.25pt x 300.12125pt>
File: Images//video-20.png Graphic file (type png)
<use Images//video-20.png>
Package pdftex.def Info: Images//video-20.png  used on input line 345.
(pdftex.def)             Requested size: 602.24852pt x 300.12051pt.
 <./Images//video-20.png> <a0,fr20>
<Images//video-21.png, id=158, 602.25pt x 300.12125pt>
File: Images//video-21.png Graphic file (type png)
<use Images//video-21.png>
Package pdftex.def Info: Images//video-21.png  used on input line 345.
(pdftex.def)             Requested size: 602.24852pt x 300.12051pt.
 <./Images//video-21.png>
<a0,fr21>
<Images//video-22.png, id=162, 602.25pt x 300.12125pt>
File: Images//video-22.png Graphic file (type png)
<use Images//video-22.png>
Package pdftex.def Info: Images//video-22.png  used on input line 345.
(pdftex.def)             Requested size: 602.24852pt x 300.12051pt.
 <./Images//video-22.png> <a0,fr22>
<Images//video-23.png, id=166, 602.25pt x 300.12125pt>
File: Images//video-23.png Graphic file (type png)
<use Images//video-23.png>
Package pdftex.def Info: Images//video-23.png  used on input line 345.
(pdftex.def)             Requested size: 602.24852pt x 300.12051pt.
 <./Images//video-23.png>
<a0,fr23>
<Images//video-24.png, id=170, 602.25pt x 300.12125pt>
File: Images//video-24.png Graphic file (type png)
<use Images//video-24.png>
Package pdftex.def Info: Images//video-24.png  used on input line 345.
(pdftex.def)             Requested size: 602.24852pt x 300.12051pt.
 <./Images//video-24.png> <a0,fr24>
<Images//video-25.png, id=174, 602.25pt x 300.12125pt>
File: Images//video-25.png Graphic file (type png)
<use Images//video-25.png>
Package pdftex.def Info: Images//video-25.png  used on input line 345.
(pdftex.def)             Requested size: 602.24852pt x 300.12051pt.
 <./Images//video-25.png>
<a0,fr25>
<Images//video-26.png, id=178, 602.25pt x 300.12125pt>
File: Images//video-26.png Graphic file (type png)
<use Images//video-26.png>
Package pdftex.def Info: Images//video-26.png  used on input line 345.
(pdftex.def)             Requested size: 602.24852pt x 300.12051pt.
 <./Images//video-26.png> <a0,fr26>
<Images//video-27.png, id=182, 602.25pt x 300.12125pt>
File: Images//video-27.png Graphic file (type png)
<use Images//video-27.png>
Package pdftex.def Info: Images//video-27.png  used on input line 345.
(pdftex.def)             Requested size: 602.24852pt x 300.12051pt.
 <./Images//video-27.png>
<a0,fr27>
<Images//video-28.png, id=186, 602.25pt x 300.12125pt>
File: Images//video-28.png Graphic file (type png)
<use Images//video-28.png>
Package pdftex.def Info: Images//video-28.png  used on input line 345.
(pdftex.def)             Requested size: 602.24852pt x 300.12051pt.
 <./Images//video-28.png> <a0,fr28>
<Images//video-29.png, id=190, 602.25pt x 300.12125pt>
File: Images//video-29.png Graphic file (type png)
<use Images//video-29.png>
Package pdftex.def Info: Images//video-29.png  used on input line 345.
(pdftex.def)             Requested size: 602.24852pt x 300.12051pt.
 <./Images//video-29.png>
<a0,fr29>
<Images//video-30.png, id=194, 602.25pt x 300.12125pt>
File: Images//video-30.png Graphic file (type png)
<use Images//video-30.png>
Package pdftex.def Info: Images//video-30.png  used on input line 345.
(pdftex.def)             Requested size: 602.24852pt x 300.12051pt.
 <./Images//video-30.png> <a0,fr30>
<Images//video-31.png, id=198, 602.25pt x 300.12125pt>
File: Images//video-31.png Graphic file (type png)
<use Images//video-31.png>
Package pdftex.def Info: Images//video-31.png  used on input line 345.
(pdftex.def)             Requested size: 602.24852pt x 300.12051pt.
 <./Images//video-31.png>
<a0,fr31>
<Images//video-32.png, id=202, 602.25pt x 300.12125pt>
File: Images//video-32.png Graphic file (type png)
<use Images//video-32.png>
Package pdftex.def Info: Images//video-32.png  used on input line 345.
(pdftex.def)             Requested size: 602.24852pt x 300.12051pt.
 <./Images//video-32.png> <a0,fr32>
<Images//video-33.png, id=206, 602.25pt x 300.12125pt>
File: Images//video-33.png Graphic file (type png)
<use Images//video-33.png>
Package pdftex.def Info: Images//video-33.png  used on input line 345.
(pdftex.def)             Requested size: 602.24852pt x 300.12051pt.
 <./Images//video-33.png>
<a0,fr33>
<Images//video-34.png, id=210, 602.25pt x 300.12125pt>
File: Images//video-34.png Graphic file (type png)
<use Images//video-34.png>
Package pdftex.def Info: Images//video-34.png  used on input line 345.
(pdftex.def)             Requested size: 602.24852pt x 300.12051pt.
 <./Images//video-34.png> <a0,fr34>
<Images//video-35.png, id=214, 602.25pt x 300.12125pt>
File: Images//video-35.png Graphic file (type png)
<use Images//video-35.png>
Package pdftex.def Info: Images//video-35.png  used on input line 345.
(pdftex.def)             Requested size: 602.24852pt x 300.12051pt.
 <./Images//video-35.png>
<a0,fr35>
<Images//video-36.png, id=218, 602.25pt x 300.12125pt>
File: Images//video-36.png Graphic file (type png)
<use Images//video-36.png>
Package pdftex.def Info: Images//video-36.png  used on input line 345.
(pdftex.def)             Requested size: 602.24852pt x 300.12051pt.
 <./Images//video-36.png> <a0,fr36>
<Images//video-37.png, id=222, 602.25pt x 300.12125pt>
File: Images//video-37.png Graphic file (type png)
<use Images//video-37.png>
Package pdftex.def Info: Images//video-37.png  used on input line 345.
(pdftex.def)             Requested size: 602.24852pt x 300.12051pt.
 <./Images//video-37.png>
<a0,fr37>
<Images//video-38.png, id=226, 602.25pt x 300.12125pt>
File: Images//video-38.png Graphic file (type png)
<use Images//video-38.png>
Package pdftex.def Info: Images//video-38.png  used on input line 345.
(pdftex.def)             Requested size: 602.24852pt x 300.12051pt.
 <./Images//video-38.png> <a0,fr38>
<Images//video-39.png, id=230, 602.25pt x 300.12125pt>
File: Images//video-39.png Graphic file (type png)
<use Images//video-39.png>
Package pdftex.def Info: Images//video-39.png  used on input line 345.
(pdftex.def)             Requested size: 602.24852pt x 300.12051pt.
 <./Images//video-39.png>
<a0,fr39>
<Images//video-40.png, id=234, 602.25pt x 300.12125pt>
File: Images//video-40.png Graphic file (type png)
<use Images//video-40.png>
Package pdftex.def Info: Images//video-40.png  used on input line 345.
(pdftex.def)             Requested size: 602.24852pt x 300.12051pt.
 <./Images//video-40.png> <a0,fr40>
<Images//video-41.png, id=238, 602.25pt x 300.12125pt>
File: Images//video-41.png Graphic file (type png)
<use Images//video-41.png>
Package pdftex.def Info: Images//video-41.png  used on input line 345.
(pdftex.def)             Requested size: 602.24852pt x 300.12051pt.
 <./Images//video-41.png>
<a0,fr41>
<Images//video-42.png, id=242, 602.25pt x 300.12125pt>
File: Images//video-42.png Graphic file (type png)
<use Images//video-42.png>
Package pdftex.def Info: Images//video-42.png  used on input line 345.
(pdftex.def)             Requested size: 602.24852pt x 300.12051pt.
 <./Images//video-42.png> <a0,fr42>
<Images//video-43.png, id=246, 602.25pt x 300.12125pt>
File: Images//video-43.png Graphic file (type png)
<use Images//video-43.png>
Package pdftex.def Info: Images//video-43.png  used on input line 345.
(pdftex.def)             Requested size: 602.24852pt x 300.12051pt.
 <./Images//video-43.png>
<a0,fr43>
<Images//video-44.png, id=250, 602.25pt x 300.12125pt>
File: Images//video-44.png Graphic file (type png)
<use Images//video-44.png>
Package pdftex.def Info: Images//video-44.png  used on input line 345.
(pdftex.def)             Requested size: 602.24852pt x 300.12051pt.
 <./Images//video-44.png> <a0,fr44>
<Images//video-45.png, id=254, 602.25pt x 300.12125pt>
File: Images//video-45.png Graphic file (type png)
<use Images//video-45.png>
Package pdftex.def Info: Images//video-45.png  used on input line 345.
(pdftex.def)             Requested size: 602.24852pt x 300.12051pt.
 <./Images//video-45.png>
<a0,fr45>
<Images//video-46.png, id=258, 602.25pt x 300.12125pt>
File: Images//video-46.png Graphic file (type png)
<use Images//video-46.png>
Package pdftex.def Info: Images//video-46.png  used on input line 345.
(pdftex.def)             Requested size: 602.24852pt x 300.12051pt.
 <./Images//video-46.png> <a0,fr46>
Overfull \hbox (39.4141pt too wide) in paragraph at lines 345--345
 [][][][][][][][][][][][][][][][][][][][][][][][][][][][][][][][][][][][][][][]
[][][][][][][][][][] 
 []

LaTeX Font Info:    Trying to load font information for OT1+pcr on input line 3
45.
(/usr/local/texlive/2022/texmf-dist/tex/latex/psnfss/ot1pcr.fd
File: ot1pcr.fd 2001/06/04 font definitions for OT1/pcr.
) [6

]

Package natbib Warning: Citation `1087348' on page 7 undefined on input line 34
5.

<a1,fr0> <a1,fr1> <a1,fr2> <a1,fr3> <a1,fr4> <a1,fr5> <a1,fr6> <a1,fr7>
<a1,fr8> <a1,fr9> <a1,fr10> <a1,fr11> <a1,fr12> <a1,fr13> <a1,fr14> <a1,fr15>
<a1,fr16> <a1,fr17> <a1,fr18> <a1,fr19> <a1,fr20> <a1,fr21> <a1,fr22>
<a1,fr23> <a1,fr24> <a1,fr25> <a1,fr26> <a1,fr27> <a1,fr28> <a1,fr29>
<a1,fr30> <a1,fr31> <a1,fr32> <a1,fr33> <a1,fr34> <a1,fr35> <a1,fr36>
<a1,fr37> <a1,fr38> <a1,fr39> <a1,fr40> <a1,fr41> <a1,fr42> <a1,fr43>
<a1,fr44> <a1,fr45> <a1,fr46>
Overfull \hbox (39.4141pt too wide) in paragraph at lines 345--345
 [][][][][][][][][][][][][][][][][][][][][][][][][][][][][][][][][][][][][][][]
[][][][][][][][][][] 
 []

[7

]

Package natbib Warning: Citation `1087348' on page 8 undefined on input line 34
5.

<a2,fr0> <a2,fr1> <a2,fr2> <a2,fr3> <a2,fr4> <a2,fr5> <a2,fr6> <a2,fr7>
<a2,fr8> <a2,fr9> <a2,fr10> <a2,fr11> <a2,fr12> <a2,fr13> <a2,fr14> <a2,fr15>
<a2,fr16> <a2,fr17> <a2,fr18> <a2,fr19> <a2,fr20> <a2,fr21> <a2,fr22>
<a2,fr23> <a2,fr24> <a2,fr25> <a2,fr26> <a2,fr27> <a2,fr28> <a2,fr29>
<a2,fr30> <a2,fr31> <a2,fr32> <a2,fr33> <a2,fr34> <a2,fr35> <a2,fr36>
<a2,fr37> <a2,fr38> <a2,fr39> <a2,fr40> <a2,fr41> <a2,fr42> <a2,fr43>
<a2,fr44> <a2,fr45> <a2,fr46>
Overfull \hbox (39.4141pt too wide) in paragraph at lines 345--345
 [][][][][][][][][][][][][][][][][][][][][][][][][][][][][][][][][][][][][][][]
[][][][][][][][][][] 
 []

[8

]

Package natbib Warning: Citation `1087348' on page 9 undefined on input line 34
5.

<a3,fr0> <a3,fr1> <a3,fr2> <a3,fr3> <a3,fr4> <a3,fr5> <a3,fr6> <a3,fr7>
<a3,fr8> <a3,fr9> <a3,fr10> <a3,fr11> <a3,fr12> <a3,fr13> <a3,fr14> <a3,fr15>
<a3,fr16> <a3,fr17> <a3,fr18> <a3,fr19> <a3,fr20> <a3,fr21> <a3,fr22>
<a3,fr23> <a3,fr24> <a3,fr25> <a3,fr26> <a3,fr27> <a3,fr28> <a3,fr29>
<a3,fr30> <a3,fr31> <a3,fr32> <a3,fr33> <a3,fr34> <a3,fr35> <a3,fr36>
<a3,fr37> <a3,fr38> <a3,fr39> <a3,fr40> <a3,fr41> <a3,fr42> <a3,fr43>
<a3,fr44> <a3,fr45> <a3,fr46>
Overfull \hbox (39.4141pt too wide) in paragraph at lines 345--345
 [][][][][][][][][][][][][][][][][][][][][][][][][][][][][][][][][][][][][][][]
[][][][][][][][][][] 
 []

[9

]

Package natbib Warning: Citation `slam_doc' on page 10 undefined on input line 
366.

LaTeX Font Info:    Font shape `OT1/phv/m/n' will be
(Font)              scaled to size 9.49997pt on input line 366.
LaTeX Font Info:    Font shape `OT1/phv/m/n' will be
(Font)              scaled to size 6.64998pt on input line 366.
LaTeX Font Info:    Font shape `OT1/phv/m/it' in size <10> not available
(Font)              Font shape `OT1/phv/m/sl' tried instead on input line 366.
LaTeX Font Info:    Font shape `OT1/phv/m/sl' will be
(Font)              scaled to size 9.49997pt on input line 366.
LaTeX Font Info:    Font shape `OT1/phv/m/it' in size <7> not available
(Font)              Font shape `OT1/phv/m/sl' tried instead on input line 366.
LaTeX Font Info:    Font shape `OT1/phv/m/sl' will be
(Font)              scaled to size 6.64998pt on input line 366.

Package natbib Warning: Citation `slam_dur' on page 10 undefined on input line 
366.


Package natbib Warning: Citation `Smith1988' on page 10 undefined on input line
 366.

[10

] [11

]
<Images//control_drone.png, id=516, 658.46pt x 263.98625pt>
File: Images//control_drone.png Graphic file (type png)
<use Images//control_drone.png>
Package pdftex.def Info: Images//control_drone.png  used on input line 382.
(pdftex.def)             Requested size: 281.67096pt x 112.9278pt.
LaTeX Font Info:    Font shape `OT1/opensans-TLF/m/n' will be
(Font)              scaled to size 7.0pt on input line 382.


Package natbib Warning: Citation `brooks_robot' on page 12 undefined on input l
ine 382.

[12

 <./Images//control_drone.png>]
<Images//control-scheme.png, id=524, 852.18375pt x 487.8225pt>
File: Images//control-scheme.png Graphic file (type png)
<use Images//control-scheme.png>
Package pdftex.def Info: Images//control-scheme.png  used on input line 402.
(pdftex.def)             Requested size: 216.67201pt x 124.03207pt.

Overfull \hbox (4.27783pt too wide) in paragraph at lines 402--402
[][]$[]$ 
 []

[13

 <./Images//control-scheme.png>]
LaTeX Font Info:    Font shape `OT1/opensans-TLF/m/it' will be
(Font)              scaled to size 8.0pt on input line 427.


Package natbib Warning: Citation `Mir2022' on page 14 undefined on input line 4
27.

<Images//img5.png, id=532, 493.845pt x 566.115pt>
File: Images//img5.png Graphic file (type png)
<use Images//img5.png>
Package pdftex.def Info: Images//img5.png  used on input line 427.
(pdftex.def)             Requested size: 104.00203pt x 119.21591pt.

Underfull \hbox (badness 10000) in paragraph at lines 427--427

 []

[14

 <./Images//img5.png>] (./template.toc
LaTeX Info: Redefining \. on input line 1.
LaTeX Info: Redefining \% on input line 1.
) [15

]
<Images//exploracion.png, id=552, 618.31pt x 211.79124pt>
File: Images//exploracion.png Graphic file (type png)
<use Images//exploracion.png>
Package pdftex.def Info: Images//exploracion.png  used on input line 450.
(pdftex.def)             Requested size: 170.71652pt x 58.47383pt.
 [16

 <./Images//exploracion.png>]
File: Images//exploracion.png Graphic file (type png)
<use Images//exploracion.png>
Package pdftex.def Info: Images//exploracion.png  used on input line 450.
(pdftex.def)             Requested size: 170.71652pt x 58.47383pt.
 [17

] [18

] [19

] [20

]
LaTeX Font Info:    Font shape `OT1/opensans-TLF/m/it' will be
(Font)              scaled to size 7.0pt on input line 485.


Package natbib Warning: Citation `Quan2020' on page 21 undefined on input line 
485.


Package natbib Warning: Citation `613851' on page 21 undefined on input line 48
5.


Package natbib Warning: Citation `LEAL2013' on page 21 undefined on input line 
485.

<Images//maxresdefault.jpg, id=585, 1284.8pt x 722.7pt>
File: Images//maxresdefault.jpg Graphic file (type jpg)
<use Images//maxresdefault.jpg>
Package pdftex.def Info: Images//maxresdefault.jpg  used on input line 485.
(pdftex.def)             Requested size: 216.67201pt x 121.87592pt.

Overfull \hbox (4.27783pt too wide) in paragraph at lines 485--485
[][]$[]$ 
 []

[21

 <./Images//maxresdefault.jpg>]

Package natbib Warning: Citation `LEAL2013' on page 22 undefined on input line 
505.

<Images//estrategia.png, id=593, 151.56625pt x 302.12875pt>
File: Images//estrategia.png Graphic file (type png)
<use Images//estrategia.png>
Package pdftex.def Info: Images//estrategia.png  used on input line 505.
(pdftex.def)             Requested size: 86.66748pt x 172.76378pt.
[22

 <./Images//estrategia.png>]
<Images//arquitectura.png, id=601, 879.285pt x 462.72874pt>
File: Images//arquitectura.png Graphic file (type png)
<use Images//arquitectura.png>
Package pdftex.def Info: Images//arquitectura.png  used on input line 513.
(pdftex.def)             Requested size: 426.79134pt x 224.59969pt.

Overfull \vbox (4.17017pt too high) detected at line 513
 []

[23

 <./Images//arquitectura.png>]
<Images//map3d.jpg, id=609, 1027.84pt x 509.905pt>
File: Images//map3d.jpg Graphic file (type jpg)
<use Images//map3d.jpg>
Package pdftex.def Info: Images//map3d.jpg  used on input line 572.
(pdftex.def)             Requested size: 194.99364pt x 85.98245pt.
<Images//map3d_2.png, id=610, 287.3937pt x 133.2177pt>
File: Images//map3d_2.png Graphic file (type png)
<use Images//map3d_2.png>
Package pdftex.def Info: Images//map3d_2.png  used on input line 572.
(pdftex.def)             Requested size: 195.00414pt x 85.98471pt.


Package natbib Warning: Citation `Wallgrn2010' on page 24 undefined on input li
ne 572.

[24

 <./Images//map3d.jpg> <./Images//map3d_2.png>]
<Images//img4.png, id=618, 1030.85126pt x 260.975pt>
File: Images//img4.png Graphic file (type png)
<use Images//img4.png>
Package pdftex.def Info: Images//img4.png  used on input line 589.
(pdftex.def)             Requested size: 433.33208pt x 85.98264pt.

Overfull \hbox (5.06245pt too wide) in paragraph at lines 589--589
 [][][] 
 []


Package natbib Warning: Citation `hornung13auro' on page 25 undefined on input 
line 589.

[25

 <./Images//img4.png>]
File: Images//map3d.jpg Graphic file (type jpg)
<use Images//map3d.jpg>
Package pdftex.def Info: Images//map3d.jpg  used on input line 623.
(pdftex.def)             Requested size: 194.99364pt x 85.98245pt.
File: Images//map3d_2.png Graphic file (type png)
<use Images//map3d_2.png>
Package pdftex.def Info: Images//map3d_2.png  used on input line 623.
(pdftex.def)             Requested size: 195.00414pt x 85.98471pt.


Package natbib Warning: Citation `Debnath2020' on page 26 undefined on input li
ne 623.


Overfull \vbox (47.8081pt too high) detected at line 623
 []

[26

]
<Images//foldable-drone.png, id=634, 707.64375pt x 348.55219pt>
File: Images//foldable-drone.png Graphic file (type png)
<use Images//foldable-drone.png>
Package pdftex.def Info: Images//foldable-drone.png  used on input line 642.
(pdftex.def)             Requested size: 216.67201pt x 106.72043pt.

Overfull \hbox (4.27783pt too wide) in paragraph at lines 642--642
[][]$[]$ 
 []


Underfull \hbox (badness 10000) in paragraph at lines 642--642
[]$\OT1/pcr/m/n/6 https : / / www . therobotreport . com /
 []

[27

 <./Images//foldable-drone.png>] (./template.toc
LaTeX Info: Redefining \. on input line 1.
LaTeX Info: Redefining \% on input line 1.
) [28

] [29

] (./template.toc
LaTeX Info: Redefining \. on input line 1.
LaTeX Info: Redefining \% on input line 1.
) [30

] [31

]
<Images//ros_1.png, id=679, 1606.0pt x 903.375pt>
File: Images//ros_1.png Graphic file (type png)
<use Images//ros_1.png>
Package pdftex.def Info: Images//ros_1.png  used on input line 668.
(pdftex.def)             Requested size: 325.00801pt x 182.80838pt.
 [32

 <./Images//ros_1.png>]
<Images//visual.png, id=686, 622.325pt x 542.025pt>
File: Images//visual.png Graphic file (type png)
<use Images//visual.png>
Package pdftex.def Info: Images//visual.png  used on input line 676.
(pdftex.def)             Requested size: 247.00926pt x 215.13548pt.
 [33

 <./Images//visual.png>]

Package natbib Warning: Citation `RACER2022' on page 34 undefined on input line
 685.

LaTeX Font Info:    Trying to load font information for TS1+opensans-TLF on inp
ut line 685.
(/usr/local/texlive/2022/texmf-dist/tex/latex/opensans/TS1opensans-TLF.fd
File: TS1opensans-TLF.fd 2019/06/24 Font definitions for TS1/opensans-TLF.
)
LaTeX Font Info:    Font shape `TS1/opensans-TLF/m/n' will be
(Font)              scaled to size 10.95pt on input line 685.


Package natbib Warning: Citation `OMNI2022' on page 34 undefined on input line 
685.

[34

] (./template.bbl
LaTeX Font Info:    Trying to load font information for OT1+ppl on input line 1
3.

(/usr/local/texlive/2022/texmf-dist/tex/latex/psnfss/ot1ppl.fd
File: ot1ppl.fd 2001/06/04 font definitions for OT1/ppl.
)) [35

]
\tf@nav=\write6
\openout6 = `template.nav'.

\tf@toc=\write7
\openout7 = `template.toc'.

\tf@snm=\write8
\openout8 = `template.snm'.



Package natbib Warning: There were undefined citations.

[36] (./template.aux
LaTeX Info: Redefining \. on input line 30.
LaTeX Info: Redefining \% on input line 30.


Package natbib Warning: Citation(s) may have changed.
(natbib)                Rerun to get citations correct.

)

LaTeX Warning: Temporary extra page added at the end. Rerun to get it removed.


Package rerunfilecheck Warning: File `template.out' has changed.
(rerunfilecheck)                Rerun to get outlines right
(rerunfilecheck)                or use package `bookmark'.

Package rerunfilecheck Info: Checksums for `template.out':
(rerunfilecheck)             Before: 2A3A450ABCF0052CF18CEC52CFE8890D;197
(rerunfilecheck)             After:  3D5D4C897DA73F36B088767A910C988D;656.
 ) 
Here is how much of TeX's memory you used:
 34504 strings out of 478268
 684502 string characters out of 5846348
 1030334 words of memory out of 5000000
 51810 multiletter control sequences out of 15000+600000
 498359 words of font info for 112 fonts, out of 8000000 for 9000
 1141 hyphenation exceptions out of 8191
 128i,14n,131p,608b,895s stack positions out of 10000i,1000n,20000p,200000b,200000s
{/usr/local/texlive/2022/texmf-dist/fonts/enc/dvips/base/8r.enc}{/usr/local/t
exlive/2022/texmf-dist/fonts/enc/dvips/opensans/a_nvvucy.enc}{/usr/local/texliv
e/2022/texmf-dist/fonts/enc/dvips/opensans/a_iz27ck.enc}{/usr/local/texlive/202
2/texmf-dist/fonts/enc/dvips/opensans/a_n3lhbv.enc}</usr/local/texlive/2022/tex
mf-dist/fonts/type1/ascender/opensans/OpenSans-Bold.pfb></usr/local/texlive/202
2/texmf-dist/fonts/type1/ascender/opensans/OpenSans-Italic.pfb></usr/local/texl
ive/2022/texmf-dist/fonts/type1/ascender/opensans/OpenSans-Regular.pfb></usr/lo
cal/texlive/2022/texmf-dist/fonts/type1/public/amsfonts/cm/cmss10.pfb></usr/loc
al/texlive/2022/texmf-dist/fonts/type1/public/amsfonts/cm/cmsy10.pfb></usr/loca
l/texlive/2022/texmf-dist/fonts/type1/public/amsfonts/cm/cmsy8.pfb></usr/local/
texlive/2022/texmf-dist/fonts/type1/urw/courier/ucrr8a.pfb></usr/local/texlive/
2022/texmf-dist/fonts/type1/urw/palatino/uplr8a.pfb>
Output written on template.pdf (36 pages, 7201717 bytes).
PDF statistics:
 801 PDF objects out of 1000 (max. 8388607)
 559 compressed objects within 6 object streams
 92 named destinations out of 1000 (max. 500000)
 692 words of extra memory for PDF output out of 10000 (max. 10000000)

